#
# There is insufficient memory for the Java Runtime Environment to continue.
# Native memory allocation (malloc) failed to allocate 383616 bytes for Chunk::new
# Possible reasons:
#   The system is out of physical RAM or swap space
#   The process is running with CompressedOops enabled, and the Java Heap may be blocking the growth of the native heap
# Possible solutions:
#   Reduce memory load on the system
#   Increase physical memory or swap space
#   Check if swap backing store is full
#   Decrease Java heap size (-Xmx/-Xms)
#   Decrease number of Java threads
#   Decrease Java thread stack sizes (-Xss)
#   Set larger code cache with -XX:ReservedCodeCacheSize=
#   JVM is running with Unscaled Compressed Oops mode in which the Java heap is
#     placed in the first 4GB address space. The Java Heap base address is the
#     maximum limit for the native heap growth. Please use -XX:HeapBaseMinAddress
#     to set the Java Heap base and to place the Java Heap above 4GB virtual address.
# This output file may be truncated or incomplete.
#
#  Out of Memory Error (./src/hotspot/share/memory/arena.cpp:197), pid=13244, tid=5732
#
# JRE version: OpenJDK Runtime Environment AdoptOpenJDK (11.0.9+11) (build 11.0.9+11)
# Java VM: OpenJDK 64-Bit Server VM AdoptOpenJDK (11.0.9+11, mixed mode, tiered, compressed oops, g1 gc, windows-amd64)
# No core dump will be written. Minidumps are not enabled by default on client versions of Windows
#

---------------  S U M M A R Y ------------

Command Line: -Dfile.encoding=UTF-8 action.JpaTest

Host: 11th Gen Intel(R) Core(TM) i5-1135G7 @ 2.40GHz, 8 cores, 7G,  Windows 10 , 64 bit Build 22621 (10.0.22621.3374)
Time: Thu May  2 15:16:24 2024 “Œ‹ž (•W€Žž) elapsed time: 2.937073 seconds (0d 0h 0m 2s)

---------------  T H R E A D  ---------------

Current thread (0x0000018b58b6b800):  JavaThread "C2 CompilerThread1" daemon [_thread_in_native, id=5732, stack(0x00000015b5000000,0x00000015b5100000)]


Current CompileTask:
C2:   2937 1773       4       jdk.internal.loader.URLClassPath::getResource (74 bytes)

Stack: [0x00000015b5000000,0x00000015b5100000]
Native frames: (J=compiled Java code, j=interpreted, Vv=VM code, C=native code)
V  [jvm.dll+0x5f465a]
V  [jvm.dll+0x77c78e]
V  [jvm.dll+0x77de5f]
V  [jvm.dll+0x77e523]
V  [jvm.dll+0x2477c8]
V  [jvm.dll+0xbe2ec]
V  [jvm.dll+0xbe9ec]
V  [jvm.dll+0x2b69b4]
V  [jvm.dll+0x508bb9]
V  [jvm.dll+0x20929d]
V  [jvm.dll+0x20319a]
V  [jvm.dll+0x20011f]
V  [jvm.dll+0x184fbc]
V  [jvm.dll+0x20f7f7]
V  [jvm.dll+0x20d9db]
V  [jvm.dll+0x741029]
V  [jvm.dll+0x73a0d4]
V  [jvm.dll+0x5f3586]
C  [ucrtbase.dll+0x29333]
C  [KERNEL32.DLL+0x1257d]
C  [ntdll.dll+0x5aa48]


---------------  P R O C E S S  ---------------

Threads class SMR info:
_java_thread_list=0x0000018b59a136f0, length=13, elements={
0x0000018b38f41800, 0x0000018b57d12800, 0x0000018b57d0b000, 0x0000018b5856f800,
0x0000018b58572800, 0x0000018b57d1c000, 0x0000018b58576800, 0x0000018b58581000,
0x0000018b586dd800, 0x0000018b586e7800, 0x0000018b598c6800, 0x0000018b58b6b800,
0x0000018b599a4000
}

Java Threads: ( => current thread )
  0x0000018b38f41800 JavaThread "main" [_thread_in_native, id=10232, stack(0x00000015b3c00000,0x00000015b3d00000)]
  0x0000018b57d12800 JavaThread "Reference Handler" daemon [_thread_blocked, id=26472, stack(0x00000015b4300000,0x00000015b4400000)]
  0x0000018b57d0b000 JavaThread "Finalizer" daemon [_thread_blocked, id=12164, stack(0x00000015b4400000,0x00000015b4500000)]
  0x0000018b5856f800 JavaThread "Signal Dispatcher" daemon [_thread_blocked, id=10224, stack(0x00000015b4500000,0x00000015b4600000)]
  0x0000018b58572800 JavaThread "Attach Listener" daemon [_thread_blocked, id=4828, stack(0x00000015b4600000,0x00000015b4700000)]
  0x0000018b57d1c000 JavaThread "C2 CompilerThread0" daemon [_thread_in_native, id=28632, stack(0x00000015b4700000,0x00000015b4800000)]
  0x0000018b58576800 JavaThread "C1 CompilerThread0" daemon [_thread_blocked, id=26980, stack(0x00000015b4800000,0x00000015b4900000)]
  0x0000018b58581000 JavaThread "Sweeper thread" daemon [_thread_blocked, id=7352, stack(0x00000015b4900000,0x00000015b4a00000)]
  0x0000018b586dd800 JavaThread "Service Thread" daemon [_thread_blocked, id=29096, stack(0x00000015b4a00000,0x00000015b4b00000)]
  0x0000018b586e7800 JavaThread "Common-Cleaner" daemon [_thread_blocked, id=21908, stack(0x00000015b4c00000,0x00000015b4d00000)]
  0x0000018b598c6800 JavaThread "mysql-cj-abandoned-connection-cleanup" daemon [_thread_blocked, id=13636, stack(0x00000015b4e00000,0x00000015b4f00000)]
=>0x0000018b58b6b800 JavaThread "C2 CompilerThread1" daemon [_thread_in_native, id=5732, stack(0x00000015b5000000,0x00000015b5100000)]
  0x0000018b599a4000 JavaThread "Hibernate Connection Pool Validation Thread" daemon [_thread_blocked, id=26728, stack(0x00000015b5100000,0x00000015b5200000)]

Other Threads:
  0x0000018b57cdc800 VMThread "VM Thread" [stack: 0x00000015b4200000,0x00000015b4300000] [id=9376]
  0x0000018b586e2800 WatcherThread [stack: 0x00000015b4b00000,0x00000015b4c00000] [id=17192]
  0x0000018b38f5f000 GCTaskThread "GC Thread#0" [stack: 0x00000015b3d00000,0x00000015b3e00000] [id=15432]
  0x0000018b588b0000 GCTaskThread "GC Thread#1" [stack: 0x00000015b4d00000,0x00000015b4e00000] [id=20272]
  0x0000018b38f8e800 ConcurrentGCThread "G1 Main Marker" [stack: 0x00000015b3e00000,0x00000015b3f00000] [id=112]
  0x0000018b38f90000 ConcurrentGCThread "G1 Conc#0" [stack: 0x00000015b3f00000,0x00000015b4000000] [id=27224]
  0x0000018b59982800 ConcurrentGCThread "G1 Conc#1" [stack: 0x00000015b4f00000,0x00000015b5000000] [id=16268]
  0x0000018b3900e000 ConcurrentGCThread "G1 Refine#0" [stack: 0x00000015b4000000,0x00000015b4100000] [id=16620]
  0x0000018b57b44800 ConcurrentGCThread "G1 Young RemSet Sampling" [stack: 0x00000015b4100000,0x00000015b4200000] [id=24500]

Threads with active compile tasks:
C2 CompilerThread0   2970 1651   !   4       jdk.internal.loader.BuiltinClassLoader::loadClassOrNull (143 bytes)
C2 CompilerThread1   2970 1773       4       jdk.internal.loader.URLClassPath::getResource (74 bytes)

VM state:not at safepoint (normal execution)

VM Mutex/Monitor currently owned by a thread: None

Heap address: 0x0000000084e00000, size: 1970 MB, Compressed Oops mode: 32-bit
Narrow klass base: 0x0000000000000000, Narrow klass shift: 3
Compressed class space size: 1073741824 Address: 0x0000000100000000

Heap:
 garbage-first heap   total 126976K, used 9601K [0x0000000084e00000, 0x0000000100000000)
  region size 1024K, 8 young (8192K), 7 survivors (7168K)
 Metaspace       used 33243K, capacity 33629K, committed 33920K, reserved 1085440K
  class space    used 4021K, capacity 4163K, committed 4224K, reserved 1048576K
Heap Regions: E=young(eden), S=young(survivor), O=old, HS=humongous(starts), HC=humongous(continues), CS=collection set, F=free, A=archive, TAMS=top-at-mark-start (previous, next)
|   0|0x0000000084e00000, 0x0000000084f00000, 0x0000000084f00000|100%|HS|  |TAMS 0x0000000084f00000, 0x0000000084e00000| Complete 
|   1|0x0000000084f00000, 0x0000000085000000, 0x0000000085000000|100%| O|  |TAMS 0x0000000085000000, 0x0000000084f00000| Untracked 
|   2|0x0000000085000000, 0x00000000850be200, 0x0000000085100000| 74%| O|  |TAMS 0x00000000850be200, 0x0000000085000000| Untracked 
|   3|0x0000000085100000, 0x0000000085100000, 0x0000000085200000|  0%| F|  |TAMS 0x0000000085100000, 0x0000000085100000| Untracked 
|   4|0x0000000085200000, 0x0000000085200000, 0x0000000085300000|  0%| F|  |TAMS 0x0000000085200000, 0x0000000085200000| Untracked 
|   5|0x0000000085300000, 0x0000000085300000, 0x0000000085400000|  0%| F|  |TAMS 0x0000000085300000, 0x0000000085300000| Untracked 
|   6|0x0000000085400000, 0x0000000085400000, 0x0000000085500000|  0%| F|  |TAMS 0x0000000085400000, 0x0000000085400000| Untracked 
|   7|0x0000000085500000, 0x0000000085500000, 0x0000000085600000|  0%| F|  |TAMS 0x0000000085500000, 0x0000000085500000| Untracked 
|   8|0x0000000085600000, 0x0000000085600000, 0x0000000085700000|  0%| F|  |TAMS 0x0000000085600000, 0x0000000085600000| Untracked 
|   9|0x0000000085700000, 0x0000000085700000, 0x0000000085800000|  0%| F|  |TAMS 0x0000000085700000, 0x0000000085700000| Untracked 
|  10|0x0000000085800000, 0x0000000085800000, 0x0000000085900000|  0%| F|  |TAMS 0x0000000085800000, 0x0000000085800000| Untracked 
|  11|0x0000000085900000, 0x0000000085900000, 0x0000000085a00000|  0%| F|  |TAMS 0x0000000085900000, 0x0000000085900000| Untracked 
|  12|0x0000000085a00000, 0x0000000085a00000, 0x0000000085b00000|  0%| F|  |TAMS 0x0000000085a00000, 0x0000000085a00000| Untracked 
|  13|0x0000000085b00000, 0x0000000085b00000, 0x0000000085c00000|  0%| F|  |TAMS 0x0000000085b00000, 0x0000000085b00000| Untracked 
|  14|0x0000000085c00000, 0x0000000085c00000, 0x0000000085d00000|  0%| F|  |TAMS 0x0000000085c00000, 0x0000000085c00000| Untracked 
|  15|0x0000000085d00000, 0x0000000085d00000, 0x0000000085e00000|  0%| F|  |TAMS 0x0000000085d00000, 0x0000000085d00000| Untracked 
|  16|0x0000000085e00000, 0x0000000085e00000, 0x0000000085f00000|  0%| F|  |TAMS 0x0000000085e00000, 0x0000000085e00000| Untracked 
|  17|0x0000000085f00000, 0x0000000085f00000, 0x0000000086000000|  0%| F|  |TAMS 0x0000000085f00000, 0x0000000085f00000| Untracked 
|  18|0x0000000086000000, 0x0000000086000000, 0x0000000086100000|  0%| F|  |TAMS 0x0000000086000000, 0x0000000086000000| Untracked 
|  19|0x0000000086100000, 0x0000000086100000, 0x0000000086200000|  0%| F|  |TAMS 0x0000000086100000, 0x0000000086100000| Untracked 
|  20|0x0000000086200000, 0x0000000086200000, 0x0000000086300000|  0%| F|  |TAMS 0x0000000086200000, 0x0000000086200000| Untracked 
|  21|0x0000000086300000, 0x0000000086300000, 0x0000000086400000|  0%| F|  |TAMS 0x0000000086300000, 0x0000000086300000| Untracked 
|  22|0x0000000086400000, 0x0000000086400000, 0x0000000086500000|  0%| F|  |TAMS 0x0000000086400000, 0x0000000086400000| Untracked 
|  23|0x0000000086500000, 0x0000000086500000, 0x0000000086600000|  0%| F|  |TAMS 0x0000000086500000, 0x0000000086500000| Untracked 
|  24|0x0000000086600000, 0x0000000086600000, 0x0000000086700000|  0%| F|  |TAMS 0x0000000086600000, 0x0000000086600000| Untracked 
|  25|0x0000000086700000, 0x0000000086700000, 0x0000000086800000|  0%| F|  |TAMS 0x0000000086700000, 0x0000000086700000| Untracked 
|  26|0x0000000086800000, 0x0000000086800000, 0x0000000086900000|  0%| F|  |TAMS 0x0000000086800000, 0x0000000086800000| Untracked 
|  27|0x0000000086900000, 0x0000000086900000, 0x0000000086a00000|  0%| F|  |TAMS 0x0000000086900000, 0x0000000086900000| Untracked 
|  28|0x0000000086a00000, 0x0000000086a00000, 0x0000000086b00000|  0%| F|  |TAMS 0x0000000086a00000, 0x0000000086a00000| Untracked 
|  29|0x0000000086b00000, 0x0000000086b00000, 0x0000000086c00000|  0%| F|  |TAMS 0x0000000086b00000, 0x0000000086b00000| Untracked 
|  30|0x0000000086c00000, 0x0000000086c00000, 0x0000000086d00000|  0%| F|  |TAMS 0x0000000086c00000, 0x0000000086c00000| Untracked 
|  31|0x0000000086d00000, 0x0000000086d00000, 0x0000000086e00000|  0%| F|  |TAMS 0x0000000086d00000, 0x0000000086d00000| Untracked 
|  32|0x0000000086e00000, 0x0000000086e00000, 0x0000000086f00000|  0%| F|  |TAMS 0x0000000086e00000, 0x0000000086e00000| Untracked 
|  33|0x0000000086f00000, 0x0000000086f00000, 0x0000000087000000|  0%| F|  |TAMS 0x0000000086f00000, 0x0000000086f00000| Untracked 
|  34|0x0000000087000000, 0x0000000087000000, 0x0000000087100000|  0%| F|  |TAMS 0x0000000087000000, 0x0000000087000000| Untracked 
|  35|0x0000000087100000, 0x0000000087100000, 0x0000000087200000|  0%| F|  |TAMS 0x0000000087100000, 0x0000000087100000| Untracked 
|  36|0x0000000087200000, 0x0000000087200000, 0x0000000087300000|  0%| F|  |TAMS 0x0000000087200000, 0x0000000087200000| Untracked 
|  37|0x0000000087300000, 0x0000000087300000, 0x0000000087400000|  0%| F|  |TAMS 0x0000000087300000, 0x0000000087300000| Untracked 
|  38|0x0000000087400000, 0x0000000087400000, 0x0000000087500000|  0%| F|  |TAMS 0x0000000087400000, 0x0000000087400000| Untracked 
|  39|0x0000000087500000, 0x0000000087500000, 0x0000000087600000|  0%| F|  |TAMS 0x0000000087500000, 0x0000000087500000| Untracked 
|  40|0x0000000087600000, 0x0000000087600000, 0x0000000087700000|  0%| F|  |TAMS 0x0000000087600000, 0x0000000087600000| Untracked 
|  41|0x0000000087700000, 0x0000000087700000, 0x0000000087800000|  0%| F|  |TAMS 0x0000000087700000, 0x0000000087700000| Untracked 
|  42|0x0000000087800000, 0x0000000087800000, 0x0000000087900000|  0%| F|  |TAMS 0x0000000087800000, 0x0000000087800000| Untracked 
|  43|0x0000000087900000, 0x0000000087900000, 0x0000000087a00000|  0%| F|  |TAMS 0x0000000087900000, 0x0000000087900000| Untracked 
|  44|0x0000000087a00000, 0x0000000087a00000, 0x0000000087b00000|  0%| F|  |TAMS 0x0000000087a00000, 0x0000000087a00000| Untracked 
|  45|0x0000000087b00000, 0x0000000087b00000, 0x0000000087c00000|  0%| F|  |TAMS 0x0000000087b00000, 0x0000000087b00000| Untracked 
|  46|0x0000000087c00000, 0x0000000087c00000, 0x0000000087d00000|  0%| F|  |TAMS 0x0000000087c00000, 0x0000000087c00000| Untracked 
|  47|0x0000000087d00000, 0x0000000087d00000, 0x0000000087e00000|  0%| F|  |TAMS 0x0000000087d00000, 0x0000000087d00000| Untracked 
|  48|0x0000000087e00000, 0x0000000087e00000, 0x0000000087f00000|  0%| F|  |TAMS 0x0000000087e00000, 0x0000000087e00000| Untracked 
|  49|0x0000000087f00000, 0x0000000087f00000, 0x0000000088000000|  0%| F|  |TAMS 0x0000000087f00000, 0x0000000087f00000| Untracked 
|  50|0x0000000088000000, 0x0000000088000000, 0x0000000088100000|  0%| F|  |TAMS 0x0000000088000000, 0x0000000088000000| Untracked 
|  51|0x0000000088100000, 0x0000000088100000, 0x0000000088200000|  0%| F|  |TAMS 0x0000000088100000, 0x0000000088100000| Untracked 
|  52|0x0000000088200000, 0x0000000088200000, 0x0000000088300000|  0%| F|  |TAMS 0x0000000088200000, 0x0000000088200000| Untracked 
|  53|0x0000000088300000, 0x0000000088300000, 0x0000000088400000|  0%| F|  |TAMS 0x0000000088300000, 0x0000000088300000| Untracked 
|  54|0x0000000088400000, 0x0000000088400000, 0x0000000088500000|  0%| F|  |TAMS 0x0000000088400000, 0x0000000088400000| Untracked 
|  55|0x0000000088500000, 0x0000000088500000, 0x0000000088600000|  0%| F|  |TAMS 0x0000000088500000, 0x0000000088500000| Untracked 
|  56|0x0000000088600000, 0x0000000088600000, 0x0000000088700000|  0%| F|  |TAMS 0x0000000088600000, 0x0000000088600000| Untracked 
|  57|0x0000000088700000, 0x0000000088700000, 0x0000000088800000|  0%| F|  |TAMS 0x0000000088700000, 0x0000000088700000| Untracked 
|  58|0x0000000088800000, 0x0000000088800000, 0x0000000088900000|  0%| F|  |TAMS 0x0000000088800000, 0x0000000088800000| Untracked 
|  59|0x0000000088900000, 0x0000000088900000, 0x0000000088a00000|  0%| F|  |TAMS 0x0000000088900000, 0x0000000088900000| Untracked 
|  60|0x0000000088a00000, 0x0000000088a00000, 0x0000000088b00000|  0%| F|  |TAMS 0x0000000088a00000, 0x0000000088a00000| Untracked 
|  61|0x0000000088b00000, 0x0000000088b00000, 0x0000000088c00000|  0%| F|  |TAMS 0x0000000088b00000, 0x0000000088b00000| Untracked 
|  62|0x0000000088c00000, 0x0000000088c00000, 0x0000000088d00000|  0%| F|  |TAMS 0x0000000088c00000, 0x0000000088c00000| Untracked 
|  63|0x0000000088d00000, 0x0000000088d00000, 0x0000000088e00000|  0%| F|  |TAMS 0x0000000088d00000, 0x0000000088d00000| Untracked 
|  64|0x0000000088e00000, 0x0000000088e00000, 0x0000000088f00000|  0%| F|  |TAMS 0x0000000088e00000, 0x0000000088e00000| Untracked 
|  65|0x0000000088f00000, 0x0000000088f00000, 0x0000000089000000|  0%| F|  |TAMS 0x0000000088f00000, 0x0000000088f00000| Untracked 
|  66|0x0000000089000000, 0x0000000089000000, 0x0000000089100000|  0%| F|  |TAMS 0x0000000089000000, 0x0000000089000000| Untracked 
|  67|0x0000000089100000, 0x0000000089100000, 0x0000000089200000|  0%| F|  |TAMS 0x0000000089100000, 0x0000000089100000| Untracked 
|  68|0x0000000089200000, 0x0000000089200000, 0x0000000089300000|  0%| F|  |TAMS 0x0000000089200000, 0x0000000089200000| Untracked 
|  69|0x0000000089300000, 0x0000000089300000, 0x0000000089400000|  0%| F|  |TAMS 0x0000000089300000, 0x0000000089300000| Untracked 
|  70|0x0000000089400000, 0x0000000089400000, 0x0000000089500000|  0%| F|  |TAMS 0x0000000089400000, 0x0000000089400000| Untracked 
|  71|0x0000000089500000, 0x00000000895a2570, 0x0000000089600000| 63%| S|CS|TAMS 0x0000000089500000, 0x0000000089500000| Complete 
|  72|0x0000000089600000, 0x0000000089600000, 0x0000000089700000|  0%| F|  |TAMS 0x0000000089600000, 0x0000000089600000| Untracked 
|  73|0x0000000089700000, 0x0000000089700000, 0x0000000089800000|  0%| F|  |TAMS 0x0000000089700000, 0x0000000089700000| Untracked 
|  74|0x0000000089800000, 0x0000000089800000, 0x0000000089900000|  0%| F|  |TAMS 0x0000000089800000, 0x0000000089800000| Untracked 
|  75|0x0000000089900000, 0x0000000089900000, 0x0000000089a00000|  0%| F|  |TAMS 0x0000000089900000, 0x0000000089900000| Untracked 
|  76|0x0000000089a00000, 0x0000000089a00000, 0x0000000089b00000|  0%| F|  |TAMS 0x0000000089a00000, 0x0000000089a00000| Untracked 
|  77|0x0000000089b00000, 0x0000000089c00000, 0x0000000089c00000|100%| S|CS|TAMS 0x0000000089b00000, 0x0000000089b00000| Complete 
|  78|0x0000000089c00000, 0x0000000089d00000, 0x0000000089d00000|100%| S|CS|TAMS 0x0000000089c00000, 0x0000000089c00000| Complete 
|  79|0x0000000089d00000, 0x0000000089e00000, 0x0000000089e00000|100%| S|CS|TAMS 0x0000000089d00000, 0x0000000089d00000| Complete 
|  80|0x0000000089e00000, 0x0000000089f00000, 0x0000000089f00000|100%| S|CS|TAMS 0x0000000089e00000, 0x0000000089e00000| Complete 
|  81|0x0000000089f00000, 0x000000008a000000, 0x000000008a000000|100%| S|CS|TAMS 0x0000000089f00000, 0x0000000089f00000| Complete 
|  82|0x000000008a000000, 0x000000008a100000, 0x000000008a100000|100%| S|CS|TAMS 0x000000008a000000, 0x000000008a000000| Complete 
|  83|0x000000008a100000, 0x000000008a100000, 0x000000008a200000|  0%| F|  |TAMS 0x000000008a100000, 0x000000008a100000| Untracked 
|  84|0x000000008a200000, 0x000000008a200000, 0x000000008a300000|  0%| F|  |TAMS 0x000000008a200000, 0x000000008a200000| Untracked 
|  85|0x000000008a300000, 0x000000008a300000, 0x000000008a400000|  0%| F|  |TAMS 0x000000008a300000, 0x000000008a300000| Untracked 
|  86|0x000000008a400000, 0x000000008a400000, 0x000000008a500000|  0%| F|  |TAMS 0x000000008a400000, 0x000000008a400000| Untracked 
|  87|0x000000008a500000, 0x000000008a500000, 0x000000008a600000|  0%| F|  |TAMS 0x000000008a500000, 0x000000008a500000| Untracked 
|  88|0x000000008a600000, 0x000000008a600000, 0x000000008a700000|  0%| F|  |TAMS 0x000000008a600000, 0x000000008a600000| Untracked 
|  89|0x000000008a700000, 0x000000008a700000, 0x000000008a800000|  0%| F|  |TAMS 0x000000008a700000, 0x000000008a700000| Untracked 
|  90|0x000000008a800000, 0x000000008a800000, 0x000000008a900000|  0%| F|  |TAMS 0x000000008a800000, 0x000000008a800000| Untracked 
|  91|0x000000008a900000, 0x000000008a900000, 0x000000008aa00000|  0%| F|  |TAMS 0x000000008a900000, 0x000000008a900000| Untracked 
|  92|0x000000008aa00000, 0x000000008aa00000, 0x000000008ab00000|  0%| F|  |TAMS 0x000000008aa00000, 0x000000008aa00000| Untracked 
|  93|0x000000008ab00000, 0x000000008ab00000, 0x000000008ac00000|  0%| F|  |TAMS 0x000000008ab00000, 0x000000008ab00000| Untracked 
|  94|0x000000008ac00000, 0x000000008ac00000, 0x000000008ad00000|  0%| F|  |TAMS 0x000000008ac00000, 0x000000008ac00000| Untracked 
|  95|0x000000008ad00000, 0x000000008ad00000, 0x000000008ae00000|  0%| F|  |TAMS 0x000000008ad00000, 0x000000008ad00000| Untracked 
|  96|0x000000008ae00000, 0x000000008ae00000, 0x000000008af00000|  0%| F|  |TAMS 0x000000008ae00000, 0x000000008ae00000| Untracked 
|  97|0x000000008af00000, 0x000000008af00000, 0x000000008b000000|  0%| F|  |TAMS 0x000000008af00000, 0x000000008af00000| Untracked 
|  98|0x000000008b000000, 0x000000008b000000, 0x000000008b100000|  0%| F|  |TAMS 0x000000008b000000, 0x000000008b000000| Untracked 
|  99|0x000000008b100000, 0x000000008b100000, 0x000000008b200000|  0%| F|  |TAMS 0x000000008b100000, 0x000000008b100000| Untracked 
| 100|0x000000008b200000, 0x000000008b200000, 0x000000008b300000|  0%| F|  |TAMS 0x000000008b200000, 0x000000008b200000| Untracked 
| 101|0x000000008b300000, 0x000000008b300000, 0x000000008b400000|  0%| F|  |TAMS 0x000000008b300000, 0x000000008b300000| Untracked 
| 102|0x000000008b400000, 0x000000008b400000, 0x000000008b500000|  0%| F|  |TAMS 0x000000008b400000, 0x000000008b400000| Untracked 
| 103|0x000000008b500000, 0x000000008b500000, 0x000000008b600000|  0%| F|  |TAMS 0x000000008b500000, 0x000000008b500000| Untracked 
| 104|0x000000008b600000, 0x000000008b600000, 0x000000008b700000|  0%| F|  |TAMS 0x000000008b600000, 0x000000008b600000| Untracked 
| 105|0x000000008b700000, 0x000000008b700000, 0x000000008b800000|  0%| F|  |TAMS 0x000000008b700000, 0x000000008b700000| Untracked 
| 106|0x000000008b800000, 0x000000008b800000, 0x000000008b900000|  0%| F|  |TAMS 0x000000008b800000, 0x000000008b800000| Untracked 
| 107|0x000000008b900000, 0x000000008b900000, 0x000000008ba00000|  0%| F|  |TAMS 0x000000008b900000, 0x000000008b900000| Untracked 
| 108|0x000000008ba00000, 0x000000008ba00000, 0x000000008bb00000|  0%| F|  |TAMS 0x000000008ba00000, 0x000000008ba00000| Untracked 
| 109|0x000000008bb00000, 0x000000008bb00000, 0x000000008bc00000|  0%| F|  |TAMS 0x000000008bb00000, 0x000000008bb00000| Untracked 
| 110|0x000000008bc00000, 0x000000008bc00000, 0x000000008bd00000|  0%| F|  |TAMS 0x000000008bc00000, 0x000000008bc00000| Untracked 
| 111|0x000000008bd00000, 0x000000008bd00000, 0x000000008be00000|  0%| F|  |TAMS 0x000000008bd00000, 0x000000008bd00000| Untracked 
| 112|0x000000008be00000, 0x000000008be00000, 0x000000008bf00000|  0%| F|  |TAMS 0x000000008be00000, 0x000000008be00000| Untracked 
| 113|0x000000008bf00000, 0x000000008bf00000, 0x000000008c000000|  0%| F|  |TAMS 0x000000008bf00000, 0x000000008bf00000| Untracked 
| 114|0x000000008c000000, 0x000000008c000000, 0x000000008c100000|  0%| F|  |TAMS 0x000000008c000000, 0x000000008c000000| Untracked 
| 115|0x000000008c100000, 0x000000008c100000, 0x000000008c200000|  0%| F|  |TAMS 0x000000008c100000, 0x000000008c100000| Untracked 
| 116|0x000000008c200000, 0x000000008c200000, 0x000000008c300000|  0%| F|  |TAMS 0x000000008c200000, 0x000000008c200000| Untracked 
| 117|0x000000008c300000, 0x000000008c300000, 0x000000008c400000|  0%| F|  |TAMS 0x000000008c300000, 0x000000008c300000| Untracked 
| 118|0x000000008c400000, 0x000000008c400000, 0x000000008c500000|  0%| F|  |TAMS 0x000000008c400000, 0x000000008c400000| Untracked 
| 119|0x000000008c500000, 0x000000008c500000, 0x000000008c600000|  0%| F|  |TAMS 0x000000008c500000, 0x000000008c500000| Untracked 
| 120|0x000000008c600000, 0x000000008c600000, 0x000000008c700000|  0%| F|  |TAMS 0x000000008c600000, 0x000000008c600000| Untracked 
| 121|0x000000008c700000, 0x000000008c700000, 0x000000008c800000|  0%| F|  |TAMS 0x000000008c700000, 0x000000008c700000| Untracked 
| 122|0x000000008c800000, 0x000000008c800000, 0x000000008c900000|  0%| F|  |TAMS 0x000000008c800000, 0x000000008c800000| Untracked 
| 123|0x000000008c900000, 0x000000008c9bdad0, 0x000000008ca00000| 74%| E|  |TAMS 0x000000008c900000, 0x000000008c900000| Complete 

Card table byte_map: [0x0000018b50d30000,0x0000018b51110000] _byte_map_base: 0x0000018b50909000

Marking Bits (Prev, Next): (CMBitMap*) 0x0000018b38f862b8, (CMBitMap*) 0x0000018b38f862f0
 Prev Bits: [0x0000018b514f0000, 0x0000018b533b8000)
 Next Bits: [0x0000018b533c0000, 0x0000018b55288000)

Polling page: 0x0000018b385f0000

Metaspace:

Usage:
  Non-class:     28.78 MB capacity,    28.57 MB (>99%) used,   162.77 KB ( <1%) free+waste,    51.00 KB ( <1%) overhead. 
      Class:      4.10 MB capacity,     3.94 MB ( 96%) used,   139.56 KB (  3%) free+waste,    22.44 KB ( <1%) overhead. 
       Both:     32.87 MB capacity,    32.51 MB ( 99%) used,   302.33 KB ( <1%) free+waste,    73.44 KB ( <1%) overhead. 

Virtual space:
  Non-class space:       36.00 MB reserved,      29.00 MB ( 81%) committed 
      Class space:        1.00 GB reserved,       4.13 MB ( <1%) committed 
             Both:        1.04 GB reserved,      33.13 MB (  3%) committed 

Chunk freelists:
   Non-Class:  38.00 KB
       Class:  29.00 KB
        Both:  67.00 KB

MaxMetaspaceSize: 17179869184.00 GB
CompressedClassSpaceSize: 1.00 GB

CodeHeap 'non-profiled nmethods': size=120000Kb used=717Kb max_used=717Kb free=119283Kb
 bounds [0x0000018b490f0000, 0x0000018b49360000, 0x0000018b50620000]
CodeHeap 'profiled nmethods': size=120000Kb used=3390Kb max_used=3390Kb free=116609Kb
 bounds [0x0000018b41bc0000, 0x0000018b41f10000, 0x0000018b490f0000]
CodeHeap 'non-nmethods': size=5760Kb used=1204Kb max_used=1221Kb free=4555Kb
 bounds [0x0000018b41620000, 0x0000018b41890000, 0x0000018b41bc0000]
 total_blobs=2335 nmethods=1780 adapters=466
 compilation: enabled
              stopped_count=0, restarted_count=0
 full_count=0

Compilation events (20 events):
Event: 2.864 Thread 0x0000018b58576800 nmethod 1764 0x0000018b41f09010 code [0x0000018b41f091e0, 0x0000018b41f09568]
Event: 2.872 Thread 0x0000018b58576800 1766       3       java.lang.invoke.TypeConvertingMethodAdapter::cast (42 bytes)
Event: 2.872 Thread 0x0000018b58576800 nmethod 1766 0x0000018b41f09610 code [0x0000018b41f09820, 0x0000018b41f09c88]
Event: 2.904 Thread 0x0000018b58576800 1768       3       jdk.internal.misc.Unsafe::ensureClassInitialized (18 bytes)
Event: 2.904 Thread 0x0000018b58576800 nmethod 1768 0x0000018b41f09e10 code [0x0000018b41f09fe0, 0x0000018b41f0a1f8]
Event: 2.910 Thread 0x0000018b58576800 1769       3       java.lang.Exception::<init> (7 bytes)
Event: 2.910 Thread 0x0000018b58576800 nmethod 1769 0x0000018b41f0a310 code [0x0000018b41f0a4c0, 0x0000018b41f0a5e8]
Event: 2.910 Thread 0x0000018b58576800 1770       3       java.lang.Throwable::<init> (39 bytes)
Event: 2.910 Thread 0x0000018b58576800 nmethod 1770 0x0000018b41f0a690 code [0x0000018b41f0a860, 0x0000018b41f0ac88]
Event: 2.911 Thread 0x0000018b58576800 1771       3       jdk.internal.reflect.ReflectionFactory::copyConstructor (10 bytes)
Event: 2.911 Thread 0x0000018b58576800 nmethod 1771 0x0000018b41f0ad90 code [0x0000018b41f0af80, 0x0000018b41f0b288]
Event: 2.911 Thread 0x0000018b58576800 1772       3       java.lang.reflect.ReflectAccess::copyConstructor (5 bytes)
Event: 2.911 Thread 0x0000018b58576800 nmethod 1772 0x0000018b41f0b410 code [0x0000018b41f0b5c0, 0x0000018b41f0b6e8]
Event: 2.919 Thread 0x0000018b58b6b800 1773       4       jdk.internal.loader.URLClassPath::getResource (74 bytes)
Event: 2.927 Thread 0x0000018b58576800 1774       3       java.lang.PublicMethods$Key::equals (52 bytes)
Event: 2.927 Thread 0x0000018b58576800 nmethod 1774 0x0000018b41f0b790 code [0x0000018b41f0b960, 0x0000018b41f0bda8]
Event: 2.927 Thread 0x0000018b58576800 1775   !   3       sun.reflect.annotation.AnnotationParser::parseAnnotations (37 bytes)
Event: 2.927 Thread 0x0000018b58576800 nmethod 1775 0x0000018b41f0be90 code [0x0000018b41f0c080, 0x0000018b41f0c388]
Event: 2.933 Thread 0x0000018b58576800 1779       3       java.lang.ReflectiveOperationException::<init> (7 bytes)
Event: 2.933 Thread 0x0000018b58576800 nmethod 1779 0x0000018b41f0c510 code [0x0000018b41f0c6e0, 0x0000018b41f0c868]

GC Heap History (4 events):
Event: 0.353 GC heap before
{Heap before GC invocations=0 (full 0):
 garbage-first heap   total 126976K, used 24576K [0x0000000084e00000, 0x0000000100000000)
  region size 1024K, 24 young (24576K), 0 survivors (0K)
 Metaspace       used 6005K, capacity 6131K, committed 6272K, reserved 1056768K
  class space    used 522K, capacity 529K, committed 640K, reserved 1048576K
}
Event: 0.356 GC heap after
{Heap after GC invocations=1 (full 0):
 garbage-first heap   total 126976K, used 2861K [0x0000000084e00000, 0x0000000100000000)
  region size 1024K, 2 young (2048K), 2 survivors (2048K)
 Metaspace       used 6005K, capacity 6131K, committed 6272K, reserved 1056768K
  class space    used 522K, capacity 529K, committed 640K, reserved 1048576K
}
Event: 1.665 GC heap before
{Heap before GC invocations=1 (full 0):
 garbage-first heap   total 126976K, used 46893K [0x0000000084e00000, 0x0000000100000000)
  region size 1024K, 47 young (48128K), 2 survivors (2048K)
 Metaspace       used 20910K, capacity 21199K, committed 21248K, reserved 1069056K
  class space    used 2355K, capacity 2515K, committed 2560K, reserved 1048576K
}
Event: 1.673 GC heap after
{Heap after GC invocations=2 (full 0):
 garbage-first heap   total 126976K, used 6020K [0x0000000084e00000, 0x0000000100000000)
  region size 1024K, 5 young (5120K), 5 survivors (5120K)
 Metaspace       used 20910K, capacity 21199K, committed 21248K, reserved 1069056K
  class space    used 2355K, capacity 2515K, committed 2560K, reserved 1048576K
}

Deoptimization events (20 events):
Event: 1.473 Thread 0x0000018b38f41800 Uncommon trap: trap_request=0xffffff4d fr.pc=0x0000018b49128694 relative=0x00000000000000d4
Event: 1.473 Thread 0x0000018b38f41800 Uncommon trap: reason=unstable_if action=reinterpret pc=0x0000018b49128694 method=java.util.HashMap.hash(Ljava/lang/Object;)I @ 1 c2
Event: 1.473 Thread 0x0000018b38f41800 DEOPT PACKING pc=0x0000018b49128694 sp=0x00000015b3cfd560
Event: 1.473 Thread 0x0000018b38f41800 DEOPT UNPACKING pc=0x0000018b4162822f sp=0x00000015b3cfd4a0 mode 2
Event: 1.855 Thread 0x0000018b38f41800 Uncommon trap: trap_request=0xffffffc6 fr.pc=0x0000018b49132a6c relative=0x000000000000076c
Event: 1.855 Thread 0x0000018b38f41800 Uncommon trap: reason=bimorphic_or_optimized_type_check action=maybe_recompile pc=0x0000018b49132a6c method=java.util.HashMap.putVal(ILjava/lang/Object;Ljava/lang/Object;ZZ)Ljava/lang/Object; @ 203 c2
Event: 1.855 Thread 0x0000018b38f41800 DEOPT PACKING pc=0x0000018b49132a6c sp=0x00000015b3cf87e0
Event: 1.855 Thread 0x0000018b38f41800 DEOPT UNPACKING pc=0x0000018b4162822f sp=0x00000015b3cf8770 mode 2
Event: 1.856 Thread 0x0000018b38f41800 Uncommon trap: trap_request=0xffffffc6 fr.pc=0x0000018b49132a6c relative=0x000000000000076c
Event: 1.856 Thread 0x0000018b38f41800 Uncommon trap: reason=bimorphic_or_optimized_type_check action=maybe_recompile pc=0x0000018b49132a6c method=java.util.HashMap.putVal(ILjava/lang/Object;Ljava/lang/Object;ZZ)Ljava/lang/Object; @ 203 c2
Event: 1.856 Thread 0x0000018b38f41800 DEOPT PACKING pc=0x0000018b49132a6c sp=0x00000015b3cf87e0
Event: 1.856 Thread 0x0000018b38f41800 DEOPT UNPACKING pc=0x0000018b4162822f sp=0x00000015b3cf8770 mode 2
Event: 1.941 Thread 0x0000018b38f41800 Uncommon trap: trap_request=0xffffff4d fr.pc=0x0000018b4910cf80 relative=0x0000000000000160
Event: 1.941 Thread 0x0000018b38f41800 Uncommon trap: reason=unstable_if action=reinterpret pc=0x0000018b4910cf80 method=java.lang.StringCoding.hasNegatives([BII)Z @ 12 c2
Event: 1.941 Thread 0x0000018b38f41800 DEOPT PACKING pc=0x0000018b4910cf80 sp=0x00000015b3cfdb60
Event: 1.941 Thread 0x0000018b38f41800 DEOPT UNPACKING pc=0x0000018b4162822f sp=0x00000015b3cfdaf0 mode 2
Event: 1.982 Thread 0x0000018b38f41800 DEOPT PACKING pc=0x0000018b41e2934d sp=0x00000015b3cfdb70
Event: 1.983 Thread 0x0000018b38f41800 DEOPT UNPACKING pc=0x0000018b41648ade sp=0x00000015b3cfd090 mode 0
Event: 2.110 Thread 0x0000018b38f41800 DEOPT PACKING pc=0x0000018b41e42e50 sp=0x00000015b3cfe100
Event: 2.110 Thread 0x0000018b38f41800 DEOPT UNPACKING pc=0x0000018b41648ade sp=0x00000015b3cfd5a0 mode 0

Classes redefined (0 events):
No events

Internal exceptions (20 events):
Event: 0.316 Thread 0x0000018b38f41800 Exception <a 'java/security/PrivilegedActionException'{0x000000008c671308}> (0x000000008c671308) thrown at [./src/hotspot/share/prims/jvm.cpp, line 1305]
Event: 0.316 Thread 0x0000018b38f41800 Exception <a 'java/security/PrivilegedActionException'{0x000000008c671fe0}> (0x000000008c671fe0) thrown at [./src/hotspot/share/prims/jvm.cpp, line 1305]
Event: 0.316 Thread 0x0000018b38f41800 Exception <a 'java/security/PrivilegedActionException'{0x000000008c6722b0}> (0x000000008c6722b0) thrown at [./src/hotspot/share/prims/jvm.cpp, line 1305]
Event: 0.513 Thread 0x0000018b38f41800 Exception <a 'java/lang/NoSuchMethodError'{0x000000008b7b73a0}: 'java.lang.Object java.lang.invoke.DirectMethodHandle$Holder.invokeStatic(java.lang.Object, java.lang.Object, java.lang.Object, java.lang.Object, java.lang.Object, java.lang.Object, java.lang.Object, java.lang.Object, java.lang.Object, java.lang.Object, java.lang.Object, java.lang.Object, java.lang.Object, java.lang.Object, java.lang.Object)'> (0x000000008b7b73a0) thrown at [./src/hotspot/share/interpreter/linkResolver.cpp, line 773]
Event: 0.516 Thread 0x0000018b38f41800 Exception <a 'java/lang/NoSuchMethodError'{0x000000008b7c5518}: 'java.lang.Object java.lang.invoke.DirectMethodHandle$Holder.invokeStatic(java.lang.Object, java.lang.Object, java.lang.Object, java.lang.Object, java.lang.Object, java.lang.Object, java.lang.Object, java.lang.Object, java.lang.Object, java.lang.Object, java.lang.Object, java.lang.Object, java.lang.Object, java.lang.Object, java.lang.Object, java.lang.Object)'> (0x000000008b7c5518) thrown at [./src/hotspot/share/interpreter/linkResolver.cpp, l
Event: 0.517 Thread 0x0000018b38f41800 Exception <a 'java/lang/NoSuchMethodError'{0x000000008b7d3188}: 'java.lang.Object java.lang.invoke.DirectMethodHandle$Holder.invokeSpecial(java.lang.Object, java.lang.Object, int, int, java.lang.Object, java.lang.Object, java.lang.Object)'> (0x000000008b7d3188) thrown at [./src/hotspot/share/interpreter/linkResolver.cpp, line 773]
Event: 0.517 Thread 0x0000018b38f41800 Exception <a 'java/lang/NoSuchMethodError'{0x000000008b7d6718}: 'java.lang.Object java.lang.invoke.DelegatingMethodHandle$Holder.reinvoke_L(java.lang.Object, int, int, java.lang.Object, java.lang.Object, java.lang.Object)'> (0x000000008b7d6718) thrown at [./src/hotspot/share/interpreter/linkResolver.cpp, line 773]
Event: 0.518 Thread 0x0000018b38f41800 Exception <a 'java/lang/NoSuchMethodError'{0x000000008b7daaa0}: 'java.lang.Object java.lang.invoke.DirectMethodHandle$Holder.invokeStatic(java.lang.Object, java.lang.Object, java.lang.Object, java.lang.Object, int)'> (0x000000008b7daaa0) thrown at [./src/hotspot/share/interpreter/linkResolver.cpp, line 773]
Event: 0.658 Thread 0x0000018b38f41800 Exception <a 'java/lang/NoSuchMethodError'{0x000000008b56e7f0}: 'int java.lang.invoke.DirectMethodHandle$Holder.invokeSpecialIFC(java.lang.Object, java.lang.Object, int)'> (0x000000008b56e7f0) thrown at [./src/hotspot/share/interpreter/linkResolver.cpp, line 773]
Event: 0.669 Thread 0x0000018b38f41800 Exception <a 'java/lang/ClassNotFoundException'{0x000000008b583498}: com/sun/org/apache/xerces/internal/impl/xpath/regex/spi/messageProvider> (0x000000008b583498) thrown at [./src/hotspot/share/classfile/systemDictionary.cpp, line 231]
Event: 1.173 Thread 0x0000018b38f41800 Exception <a 'java/lang/NoSuchMethodError'{0x000000008a5a1e80}: 'java.lang.Object java.lang.invoke.DirectMethodHandle$Holder.invokeStaticInit(java.lang.Object, int, int, int, int)'> (0x000000008a5a1e80) thrown at [./src/hotspot/share/interpreter/linkResolver.cpp, line 773]
Event: 1.432 Thread 0x0000018b38f41800 Exception <a 'java/lang/NoSuchMethodError'{0x000000008a5df5a8}: 'java.lang.Object java.lang.invoke.DirectMethodHandle$Holder.invokeStaticInit(java.lang.Object, java.lang.Object, int, int, int, int)'> (0x000000008a5df5a8) thrown at [./src/hotspot/share/interpreter/linkResolver.cpp, line 773]
Event: 1.473 Thread 0x0000018b38f41800 Implicit null exception at 0x0000018b491285f8 to 0x0000018b4912868a
Event: 1.656 Thread 0x0000018b38f41800 Exception <a 'java/lang/NoSuchMethodError'{0x0000000089b164d0}: 'java.lang.Object java.lang.invoke.DirectMethodHandle$Holder.invokeVirtual(java.lang.Object, java.lang.Object, java.lang.Object)'> (0x0000000089b164d0) thrown at [./src/hotspot/share/interpreter/linkResolver.cpp, line 773]
Event: 1.952 Thread 0x0000018b38f41800 Exception <a 'java/lang/NoSuchMethodError'{0x000000008c361e80}: 'void java.lang.invoke.DirectMethodHandle$Holder.invokeVirtual(java.lang.Object, java.lang.Object)'> (0x000000008c361e80) thrown at [./src/hotspot/share/interpreter/linkResolver.cpp, line 773]
Event: 2.287 Thread 0x0000018b38f41800 Exception <a 'java/lang/NoSuchMethodError'{0x000000008b71e4b8}: 'java.lang.Object java.lang.invoke.DirectMethodHandle$Holder.newInvokeSpecial(java.lang.Object, java.lang.Object, int, java.lang.Object, java.lang.Object)'> (0x000000008b71e4b8) thrown at [./src/hotspot/share/interpreter/linkResolver.cpp, line 773]
Event: 2.799 Thread 0x0000018b38f41800 Exception <a 'java/lang/NoSuchMethodError'{0x000000008a9fee08}: 'void java.lang.invoke.DirectMethodHandle$Holder.invokeInterface(java.lang.Object, java.lang.Object)'> (0x000000008a9fee08) thrown at [./src/hotspot/share/interpreter/linkResolver.cpp, line 773]
Event: 2.815 Thread 0x0000018b38f41800 Exception <a 'java/lang/NoSuchMethodError'{0x000000008a8a36e8}: 'java.lang.Object java.lang.invoke.DirectMethodHandle$Holder.invokeStaticInit(java.lang.Object, java.lang.Object, java.lang.Object, java.lang.Object, int, int)'> (0x000000008a8a36e8) thrown at [./src/hotspot/share/interpreter/linkResolver.cpp, line 773]
Event: 2.904 Thread 0x0000018b38f41800 Exception <a 'java/lang/NoSuchMethodError'{0x000000008a320418}: 'java.lang.Object java.lang.invoke.DirectMethodHandle$Holder.invokeInterface(java.lang.Object, java.lang.Object, java.lang.Object)'> (0x000000008a320418) thrown at [./src/hotspot/share/interpreter/linkResolver.cpp, line 773]
Event: 2.931 Thread 0x0000018b38f41800 Exception <a 'java/lang/NoSuchMethodError'{0x000000008a2ed7e8}: 'void java.lang.invoke.DirectMethodHandle$Holder.invokeInterface(java.lang.Object, java.lang.Object, java.lang.Object, java.lang.Object)'> (0x000000008a2ed7e8) thrown at [./src/hotspot/share/interpreter/linkResolver.cpp, line 773]

Events (20 events):
Event: 2.931 loading class org/hibernate/event/spi/LoadEventListener
Event: 2.931 loading class org/hibernate/event/spi/LoadEventListener done
Event: 2.931 loading class org/hibernate/event/service/spi/EventActionWithParameter
Event: 2.931 loading class org/hibernate/event/service/spi/EventActionWithParameter done
Event: 2.931 loading class org/hibernate/event/service/spi/EventActionWithParameter
Event: 2.931 loading class org/hibernate/event/service/spi/EventActionWithParameter done
Event: 2.932 loading class org/hibernate/engine/spi/EntityKey
Event: 2.932 loading class org/hibernate/engine/spi/EntityKey done
Event: 2.932 loading class org/hibernate/loader/entity/CacheEntityLoaderHelper
Event: 2.932 loading class org/hibernate/loader/entity/CacheEntityLoaderHelper done
Event: 2.933 loading class org/hibernate/internal/CoreMessageLogger_$logger_ja_JP
Event: 2.933 loading class org/hibernate/internal/CoreMessageLogger_$logger_ja_JP done
Event: 2.933 loading class org/hibernate/internal/CoreMessageLogger_$logger_ja
Event: 2.933 loading class org/hibernate/internal/CoreMessageLogger_$logger_ja done
Event: 2.933 loading class org/hibernate/loader/entity/CacheEntityLoaderHelper$PersistenceContextEntry
Event: 2.933 loading class org/hibernate/loader/entity/CacheEntityLoaderHelper$PersistenceContextEntry done
Event: 2.934 loading class org/hibernate/loader/entity/CacheEntityLoaderHelper$EntityStatus
Event: 2.934 loading class org/hibernate/loader/entity/CacheEntityLoaderHelper$EntityStatus done
Event: 2.934 loading class org/hibernate/engine/spi/QueryParameters
Event: 2.934 loading class org/hibernate/engine/spi/QueryParameters done


Dynamic libraries:
0x00007ff7cdd60000 - 0x00007ff7cdd6d000 	C:\pleiades\java\11\bin\javaw.exe
0x00007ffc07e70000 - 0x00007ffc08086000 	C:\WINDOWS\SYSTEM32\ntdll.dll
0x00007ffc07af0000 - 0x00007ffc07bb4000 	C:\WINDOWS\System32\KERNEL32.DLL
0x00007ffc05190000 - 0x00007ffc05537000 	C:\WINDOWS\System32\KERNELBASE.dll
0x00007ffc05a80000 - 0x00007ffc05b91000 	C:\WINDOWS\System32\ucrtbase.dll
0x00007ffbfcbf0000 - 0x00007ffbfcc05000 	C:\pleiades\java\11\bin\VCRUNTIME140.dll
0x00007ffbfcc10000 - 0x00007ffbfcc27000 	C:\pleiades\java\11\bin\jli.dll
0x00007ffc071c0000 - 0x00007ffc0736e000 	C:\WINDOWS\System32\USER32.dll
0x00007ffbe7540000 - 0x00007ffbe77d3000 	C:\WINDOWS\WinSxS\amd64_microsoft.windows.common-controls_6595b64144ccf1df_6.0.22621.3235_none_270f74e173860f98\COMCTL32.dll
0x00007ffc05930000 - 0x00007ffc05956000 	C:\WINDOWS\System32\win32u.dll
0x00007ffc07d10000 - 0x00007ffc07d39000 	C:\WINDOWS\System32\GDI32.dll
0x00007ffc06d90000 - 0x00007ffc06e37000 	C:\WINDOWS\System32\msvcrt.dll
0x00007ffc05960000 - 0x00007ffc05a79000 	C:\WINDOWS\System32\gdi32full.dll
0x00007ffc05600000 - 0x00007ffc0569a000 	C:\WINDOWS\System32\msvcp_win.dll
0x00007ffc05ba0000 - 0x00007ffc05bd1000 	C:\WINDOWS\System32\IMM32.DLL
0x0000018b38610000 - 0x0000018b38624000 	C:\WINDOWS\System32\umppc18308.dll
0x00007ffbe5eb0000 - 0x00007ffbe5f4b000 	C:\pleiades\java\11\bin\msvcp140.dll
0x00007ffb963a0000 - 0x00007ffb96ee3000 	C:\pleiades\java\11\bin\server\jvm.dll
0x00007ffc077d0000 - 0x00007ffc07882000 	C:\WINDOWS\System32\ADVAPI32.dll
0x00007ffc07700000 - 0x00007ffc077a8000 	C:\WINDOWS\System32\sechost.dll
0x00007ffc05810000 - 0x00007ffc05838000 	C:\WINDOWS\System32\bcrypt.dll
0x00007ffc07bc0000 - 0x00007ffc07cd5000 	C:\WINDOWS\System32\RPCRT4.dll
0x00007ffc07d00000 - 0x00007ffc07d08000 	C:\WINDOWS\System32\PSAPI.DLL
0x00007ffc01900000 - 0x00007ffc01909000 	C:\WINDOWS\SYSTEM32\WSOCK32.dll
0x00007ffc07a70000 - 0x00007ffc07ae1000 	C:\WINDOWS\System32\WS2_32.dll
0x00007ffbfbb70000 - 0x00007ffbfbba4000 	C:\WINDOWS\SYSTEM32\WINMM.dll
0x00007ffbf4890000 - 0x00007ffbf489a000 	C:\WINDOWS\SYSTEM32\VERSION.dll
0x00007ffc04190000 - 0x00007ffc041a8000 	C:\WINDOWS\SYSTEM32\kernel.appcore.dll
0x00007ffbfcbe0000 - 0x00007ffbfcbf0000 	C:\pleiades\java\11\bin\verify.dll
0x00007ffc02ad0000 - 0x00007ffc02d03000 	C:\WINDOWS\SYSTEM32\DBGHELP.DLL
0x00007ffc06110000 - 0x00007ffc06498000 	C:\WINDOWS\System32\combase.dll
0x00007ffc07d50000 - 0x00007ffc07e27000 	C:\WINDOWS\System32\OLEAUT32.dll
0x00007ffbdcd10000 - 0x00007ffbdcd42000 	C:\WINDOWS\SYSTEM32\dbgcore.DLL
0x00007ffc05840000 - 0x00007ffc058b9000 	C:\WINDOWS\System32\bcryptPrimitives.dll
0x00007ffbeabb0000 - 0x00007ffbeabd8000 	C:\pleiades\java\11\bin\java.dll
0x00007ffbfcbd0000 - 0x00007ffbfcbda000 	C:\pleiades\java\11\bin\jimage.dll
0x00007ffbfbca0000 - 0x00007ffbfbcb7000 	C:\pleiades\java\11\bin\zip.dll
0x00007ffc064a0000 - 0x00007ffc06cfc000 	C:\WINDOWS\System32\SHELL32.dll
0x00007ffc030a0000 - 0x00007ffc03999000 	C:\WINDOWS\SYSTEM32\windows.storage.dll
0x00007ffc02f60000 - 0x00007ffc0309e000 	C:\WINDOWS\SYSTEM32\wintypes.dll
0x00007ffc07370000 - 0x00007ffc07463000 	C:\WINDOWS\System32\SHCORE.dll
0x00007ffc07630000 - 0x00007ffc0768e000 	C:\WINDOWS\System32\shlwapi.dll
0x00007ffc050c0000 - 0x00007ffc050e1000 	C:\WINDOWS\SYSTEM32\profapi.dll
0x00007ffbfbc50000 - 0x00007ffbfbc69000 	C:\pleiades\java\11\bin\net.dll
0x00007ffbfc500000 - 0x00007ffbfc636000 	C:\WINDOWS\SYSTEM32\WINHTTP.dll
0x00007ffc045f0000 - 0x00007ffc04659000 	C:\WINDOWS\system32\mswsock.dll
0x00007ffbe68e0000 - 0x00007ffbe68f2000 	C:\pleiades\java\11\bin\nio.dll
0x00007ffc04940000 - 0x00007ffc0495b000 	C:\WINDOWS\SYSTEM32\CRYPTSP.dll
0x00007ffc040f0000 - 0x00007ffc04125000 	C:\WINDOWS\system32\rsaenh.dll
0x00007ffc04690000 - 0x00007ffc046b8000 	C:\WINDOWS\SYSTEM32\USERENV.dll
0x00007ffc04920000 - 0x00007ffc0492c000 	C:\WINDOWS\SYSTEM32\CRYPTBASE.dll
0x00007ffc03c00000 - 0x00007ffc03c2d000 	C:\WINDOWS\SYSTEM32\IPHLPAPI.DLL
0x00007ffc06ff0000 - 0x00007ffc06ff9000 	C:\WINDOWS\System32\NSI.dll
0x00007ffbfc2d0000 - 0x00007ffbfc2e9000 	C:\WINDOWS\SYSTEM32\dhcpcsvc6.DLL
0x00007ffbfbe20000 - 0x00007ffbfbe3f000 	C:\WINDOWS\SYSTEM32\dhcpcsvc.DLL
0x00007ffc03c30000 - 0x00007ffc03d29000 	C:\WINDOWS\SYSTEM32\DNSAPI.dll
0x00007ffbfabd0000 - 0x00007ffbfabda000 	C:\Windows\System32\rasadhlp.dll
0x00007ffbface0000 - 0x00007ffbfad63000 	C:\WINDOWS\System32\fwpuclnt.dll
0x00007ffbe68b0000 - 0x00007ffbe68d5000 	C:\pleiades\java\11\bin\sunec.dll
0x00007ffbfbc30000 - 0x00007ffbfbc3e000 	C:\pleiades\java\11\bin\sunmscapi.dll
0x00007ffc056a0000 - 0x00007ffc05807000 	C:\WINDOWS\System32\CRYPT32.dll
0x00007ffc04a60000 - 0x00007ffc04a8e000 	C:\WINDOWS\SYSTEM32\ncrypt.dll
0x00007ffc04a20000 - 0x00007ffc04a57000 	C:\WINDOWS\SYSTEM32\NTASN1.dll

dbghelp: loaded successfully - version: 4.0.5 - missing functions: none
symbol engine: initialized successfully - sym options: 0x614 - pdb path: .;C:\pleiades\java\11\bin;C:\WINDOWS\SYSTEM32;C:\WINDOWS\WinSxS\amd64_microsoft.windows.common-controls_6595b64144ccf1df_6.0.22621.3235_none_270f74e173860f98;C:\pleiades\java\11\bin\server

VM Arguments:
jvm_args: -Dfile.encoding=UTF-8 
java_command: action.JpaTest
java_class_path (initial): C:\pleiades\workspace\techacademy_orm\target\classes;C:\Users\User\.m2\repository\mysql\mysql-connector-java\8.0.23\mysql-connector-java-8.0.23.jar;C:\Users\User\.m2\repository\com\google\protobuf\protobuf-java\3.11.4\protobuf-java-3.11.4.jar;C:\Users\User\.m2\repository\org\hibernate\hibernate-core\5.4.28.Final\hibernate-core-5.4.28.Final.jar;C:\Users\User\.m2\repository\org\jboss\logging\jboss-logging\3.4.1.Final\jboss-logging-3.4.1.Final.jar;C:\Users\User\.m2\repository\javax\persistence\javax.persistence-api\2.2\javax.persistence-api-2.2.jar;C:\Users\User\.m2\repository\org\javassist\javassist\3.27.0-GA\javassist-3.27.0-GA.jar;C:\Users\User\.m2\repository\net\bytebuddy\byte-buddy\1.10.17\byte-buddy-1.10.17.jar;C:\Users\User\.m2\repository\antlr\antlr\2.7.7\antlr-2.7.7.jar;C:\Users\User\.m2\repository\org\jboss\spec\javax\transaction\jboss-transaction-api_1.2_spec\1.1.1.Final\jboss-transaction-api_1.2_spec-1.1.1.Final.jar;C:\Users\User\.m2\repository\org\jboss\jandex\2.2.3.Final\jandex-2.2.3.Final.jar;C:\Users\User\.m2\repository\com\fasterxml\classmate\1.5.1\classmate-1.5.1.jar;C:\Users\User\.m2\repository\javax\activation\javax.activation-api\1.2.0\javax.activation-api-1.2.0.jar;C:\Users\User\.m2\repository\org\dom4j\dom4j\2.1.3\dom4j-2.1.3.jar;C:\Users\User\.m2\repository\org\hibernate\common\hibernate-commons-annotations\5.1.2.Final\hibernate-commons-annotations-5.1.2.Final.jar;C:\Users\User\.m2\repository\javax\xml\bind\jaxb-api\2.3.1\jaxb-api-2.3.1.jar;C:\Users\User\.m2\repository\org\glassfish\jaxb\jaxb-runtime\2.3.1\jaxb-runtime-2.3.1.jar;C:\Users\User\.m2\repository\org\glassfish\jaxb\txw2\2.3.1\txw2-2.3.1.jar;C:\Users\User\.m2\repository\com\sun\istack\istack-commons-runtime\3.0.7\istack-commons-runtime-3.0.7.jar;C:\Users\User\.m2\repository\org\jvnet\staxex\stax-ex\1.8\stax-ex-1.8.jar;C:\Users\User\.m2\repository\com\sun\xml\fastinfoset\FastInfoset\1.2.15\FastInfoset-1.2.15.jar
Launcher Type: SUN_STANDARD

[Global flags]
     intx CICompilerCount                          = 4                                         {product} {ergonomic}
     uint ConcGCThreads                            = 2                                         {product} {ergonomic}
     uint G1ConcRefinementThreads                  = 8                                         {product} {ergonomic}
   size_t G1HeapRegionSize                         = 1048576                                   {product} {ergonomic}
    uintx GCDrainStackTargetSize                   = 64                                        {product} {ergonomic}
   size_t InitialHeapSize                          = 130023424                                 {product} {ergonomic}
   size_t MarkStackSize                            = 4194304                                   {product} {ergonomic}
   size_t MaxHeapSize                              = 2065694720                                {product} {ergonomic}
   size_t MaxNewSize                               = 1239416832                                {product} {ergonomic}
   size_t MinHeapDeltaBytes                        = 1048576                                   {product} {ergonomic}
    uintx NonNMethodCodeHeapSize                   = 5836300                                {pd product} {ergonomic}
    uintx NonProfiledCodeHeapSize                  = 122910970                              {pd product} {ergonomic}
    uintx ProfiledCodeHeapSize                     = 122910970                              {pd product} {ergonomic}
    uintx ReservedCodeCacheSize                    = 251658240                              {pd product} {ergonomic}
     bool SegmentedCodeCache                       = true                                      {product} {ergonomic}
     bool UseCompressedClassPointers               = true                                 {lp64_product} {ergonomic}
     bool UseCompressedOops                        = true                                 {lp64_product} {ergonomic}
     bool UseG1GC                                  = true                                      {product} {ergonomic}
     bool UseLargePagesIndividualAllocation        = false                                  {pd product} {ergonomic}

Logging:
Log output configuration:
 #0: stdout all=warning uptime,level,tags
 #1: stderr all=off uptime,level,tags

Environment Variables:
PATH=C:/pleiades/eclipse//jre/bin/server;C:/pleiades/eclipse//jre/bin;C:\WINDOWS\system32;C:\WINDOWS;C:\WINDOWS\System32\Wbem;C:\WINDOWS\System32\WindowsPowerShell\v1.0\;C:\WINDOWS\System32\OpenSSH\;C:\Users\User\AppData\Local\Microsoft\WindowsApps;;C:\pleiades\eclipse;
USERNAME=User
OS=Windows_NT
PROCESSOR_IDENTIFIER=Intel64 Family 6 Model 140 Stepping 1, GenuineIntel



---------------  S Y S T E M  ---------------

OS: Windows 10 , 64 bit Build 22621 (10.0.22621.3374)
OS uptime: 8 days 3:04 hours
HyperV virtualization detected

CPU:total 8 (initial active 8) (4 cores per cpu, 2 threads per core) family 6 model 140 stepping 1, cmov, cx8, fxsr, mmx, sse, sse2, sse3, ssse3, sse4.1, sse4.2, popcnt, avx, avx2, aes, clmul, erms, 3dnowpref, lzcnt, ht, tsc, tscinvbit, bmi1, bmi2, adx, evex, sha, fma

Memory: 4k page, system-wide physical 7872M (447M free)
TotalPageFile size 32448M (AvailPageFile size 0M)
current process WorkingSet (physical memory assigned to process): 175M, peak: 175M
current process commit charge ("private bytes"): 283M, peak: 284M

vm_info: OpenJDK 64-Bit Server VM (11.0.9+11) for windows-amd64 JRE (11.0.9+11), built on Oct 24 2020 15:15:35 by "" with MS VC++ 15.9 (VS2017)

END.
