#
# There is insufficient memory for the Java Runtime Environment to continue.
# Native memory allocation (mmap) failed to map 130023424 bytes for Failed to commit area from 0x0000000084e00000 to 0x000000008ca00000 of length 130023424.
# Possible reasons:
#   The system is out of physical RAM or swap space
#   The process is running with CompressedOops enabled, and the Java Heap may be blocking the growth of the native heap
# Possible solutions:
#   Reduce memory load on the system
#   Increase physical memory or swap space
#   Check if swap backing store is full
#   Decrease Java heap size (-Xmx/-Xms)
#   Decrease number of Java threads
#   Decrease Java thread stack sizes (-Xss)
#   Set larger code cache with -XX:ReservedCodeCacheSize=
# This output file may be truncated or incomplete.
#
#  Out of Memory Error (./src/hotspot/os/windows/os_windows.cpp:3303), pid=9376, tid=12268
#
# JRE version:  (11.0.9+11) (build )
# Java VM: OpenJDK 64-Bit Server VM (11.0.9+11, mixed mode, sharing, tiered, compressed oops, g1 gc, windows-amd64)
# No core dump will be written. Minidumps are not enabled by default on client versions of Windows
#

---------------  S U M M A R Y ------------

Command Line: -Dfile.encoding=UTF-8 kadai7.Review07

Host: 11th Gen Intel(R) Core(TM) i5-1135G7 @ 2.40GHz, 8 cores, 7G,  Windows 10 , 64 bit Build 22621 (10.0.22621.3374)
Time: Thu May  2 15:40:25 2024 “Œ‹ž (•W€Žž) elapsed time: 0.032327 seconds (0d 0h 0m 0s)

---------------  T H R E A D  ---------------

Current thread (0x000002257a171800):  JavaThread "Unknown thread" [_thread_in_vm, id=12268, stack(0x000000b4a4700000,0x000000b4a4800000)]

Stack: [0x000000b4a4700000,0x000000b4a4800000]
Native frames: (J=compiled Java code, j=interpreted, Vv=VM code, C=native code)
V  [jvm.dll+0x5f465a]
V  [jvm.dll+0x77c78e]
V  [jvm.dll+0x77de5f]
V  [jvm.dll+0x77e523]
V  [jvm.dll+0x2477c8]
V  [jvm.dll+0x5f18ba]
V  [jvm.dll+0x5e6505]
V  [jvm.dll+0x2fca8c]
V  [jvm.dll+0x2fc912]
V  [jvm.dll+0x3015c6]
V  [jvm.dll+0x345e3f]
V  [jvm.dll+0x345870]
V  [jvm.dll+0x2d9ce8]
V  [jvm.dll+0x2dae36]
V  [jvm.dll+0x758137]
V  [jvm.dll+0x7598bf]
V  [jvm.dll+0x352c39]
V  [jvm.dll+0x73b3c0]
V  [jvm.dll+0x3ba30f]
V  [jvm.dll+0x3bc7b1]
C  [jli.dll+0x520b]
C  [ucrtbase.dll+0x29333]
C  [KERNEL32.DLL+0x1257d]
C  [ntdll.dll+0x5aa48]


---------------  P R O C E S S  ---------------

Threads class SMR info:
_java_thread_list=0x00000225787f3fe0, length=0, elements={
}

Java Threads: ( => current thread )

Other Threads:
  0x000002257a18d000 GCTaskThread "GC Thread#0" [stack: 0x000000b4a4800000,0x000000b4a4900000] [id=22068]
  0x000002257a1c1800 ConcurrentGCThread "G1 Main Marker" [stack: 0x000000b4a4900000,0x000000b4a4a00000] [id=24584]
  0x000002257a1c4000 ConcurrentGCThread "G1 Conc#0" [stack: 0x000000b4a4a00000,0x000000b4a4b00000] [id=18196]

[error occurred during error reporting (printing all threads), id 0xc0000005, EXCEPTION_ACCESS_VIOLATION (0xc0000005) at pc=0x00007ffb96689367]

VM state:not at safepoint (not fully initialized)

VM Mutex/Monitor currently owned by a thread:  ([mutex/lock_event])
[0x000002257a16fd70] Heap_lock - owner thread: 0x000002257a171800

Heap address: 0x0000000084e00000, size: 1970 MB, Compressed Oops mode: Non-zero based: 0x0000000084e00000
Narrow klass base: 0x0000000000000000, Narrow klass shift: 0

GC Heap History (0 events):
No events

Deoptimization events (0 events):
No events

Classes redefined (0 events):
No events

Internal exceptions (0 events):
No events

Events (1 events):
Event: 0.024 Loaded shared library C:\pleiades\java\11\bin\zip.dll


Dynamic libraries:
0x00007ff7cdd60000 - 0x00007ff7cdd6d000 	C:\pleiades\java\11\bin\javaw.exe
0x00007ffc07e70000 - 0x00007ffc08086000 	C:\WINDOWS\SYSTEM32\ntdll.dll
0x00007ffc07af0000 - 0x00007ffc07bb4000 	C:\WINDOWS\System32\KERNEL32.DLL
0x00007ffc05190000 - 0x00007ffc05537000 	C:\WINDOWS\System32\KERNELBASE.dll
0x00007ffc05a80000 - 0x00007ffc05b91000 	C:\WINDOWS\System32\ucrtbase.dll
0x00007ffbfcc10000 - 0x00007ffbfcc27000 	C:\pleiades\java\11\bin\jli.dll
0x00007ffbfcbf0000 - 0x00007ffbfcc05000 	C:\pleiades\java\11\bin\VCRUNTIME140.dll
0x00007ffc071c0000 - 0x00007ffc0736e000 	C:\WINDOWS\System32\USER32.dll
0x00007ffbe7540000 - 0x00007ffbe77d3000 	C:\WINDOWS\WinSxS\amd64_microsoft.windows.common-controls_6595b64144ccf1df_6.0.22621.3235_none_270f74e173860f98\COMCTL32.dll
0x00007ffc05930000 - 0x00007ffc05956000 	C:\WINDOWS\System32\win32u.dll
0x00007ffc06d90000 - 0x00007ffc06e37000 	C:\WINDOWS\System32\msvcrt.dll
0x00007ffc07d10000 - 0x00007ffc07d39000 	C:\WINDOWS\System32\GDI32.dll
0x00007ffc05960000 - 0x00007ffc05a79000 	C:\WINDOWS\System32\gdi32full.dll
0x00007ffc05600000 - 0x00007ffc0569a000 	C:\WINDOWS\System32\msvcp_win.dll
0x00007ffc05ba0000 - 0x00007ffc05bd1000 	C:\WINDOWS\System32\IMM32.DLL
0x0000022578940000 - 0x0000022578954000 	C:\WINDOWS\System32\umppc18308.dll
0x00007ffbe5eb0000 - 0x00007ffbe5f4b000 	C:\pleiades\java\11\bin\msvcp140.dll
0x00007ffb963a0000 - 0x00007ffb96ee3000 	C:\pleiades\java\11\bin\server\jvm.dll
0x00007ffc077d0000 - 0x00007ffc07882000 	C:\WINDOWS\System32\ADVAPI32.dll
0x00007ffc07700000 - 0x00007ffc077a8000 	C:\WINDOWS\System32\sechost.dll
0x00007ffc05810000 - 0x00007ffc05838000 	C:\WINDOWS\System32\bcrypt.dll
0x00007ffc07bc0000 - 0x00007ffc07cd5000 	C:\WINDOWS\System32\RPCRT4.dll
0x00007ffc07d00000 - 0x00007ffc07d08000 	C:\WINDOWS\System32\PSAPI.DLL
0x00007ffc01900000 - 0x00007ffc01909000 	C:\WINDOWS\SYSTEM32\WSOCK32.dll
0x00007ffc07a70000 - 0x00007ffc07ae1000 	C:\WINDOWS\System32\WS2_32.dll
0x00007ffbfbb70000 - 0x00007ffbfbba4000 	C:\WINDOWS\SYSTEM32\WINMM.dll
0x00007ffbf4890000 - 0x00007ffbf489a000 	C:\WINDOWS\SYSTEM32\VERSION.dll
0x00007ffc04190000 - 0x00007ffc041a8000 	C:\WINDOWS\SYSTEM32\kernel.appcore.dll
0x00007ffbfcbe0000 - 0x00007ffbfcbf0000 	C:\pleiades\java\11\bin\verify.dll
0x00007ffc02ad0000 - 0x00007ffc02d03000 	C:\WINDOWS\SYSTEM32\DBGHELP.DLL
0x00007ffc06110000 - 0x00007ffc06498000 	C:\WINDOWS\System32\combase.dll
0x00007ffc07d50000 - 0x00007ffc07e27000 	C:\WINDOWS\System32\OLEAUT32.dll
0x00007ffbdcd10000 - 0x00007ffbdcd42000 	C:\WINDOWS\SYSTEM32\dbgcore.DLL
0x00007ffc05840000 - 0x00007ffc058b9000 	C:\WINDOWS\System32\bcryptPrimitives.dll
0x00007ffbeabb0000 - 0x00007ffbeabd8000 	C:\pleiades\java\11\bin\java.dll
0x00007ffbfcbd0000 - 0x00007ffbfcbda000 	C:\pleiades\java\11\bin\jimage.dll
0x00007ffbfbca0000 - 0x00007ffbfbcb7000 	C:\pleiades\java\11\bin\zip.dll

dbghelp: loaded successfully - version: 4.0.5 - missing functions: none
symbol engine: initialized successfully - sym options: 0x614 - pdb path: .;C:\pleiades\java\11\bin;C:\WINDOWS\SYSTEM32;C:\WINDOWS\WinSxS\amd64_microsoft.windows.common-controls_6595b64144ccf1df_6.0.22621.3235_none_270f74e173860f98;C:\pleiades\java\11\bin\server

VM Arguments:
jvm_args: -Dfile.encoding=UTF-8 
java_command: kadai7.Review07
java_class_path (initial): C:\pleiades\workspace\kadai7\target\classes;C:\Users\User\.m2\repository\mysql\mysql-connector-java\8.0.23\mysql-connector-java-8.0.23.jar;C:\Users\User\.m2\repository\com\google\protobuf\protobuf-java\3.11.4\protobuf-java-3.11.4.jar;C:\Users\User\.m2\repository\org\hibernate\hibernate-core\5.4.28.Final\hibernate-core-5.4.28.Final.jar;C:\Users\User\.m2\repository\org\jboss\logging\jboss-logging\3.4.1.Final\jboss-logging-3.4.1.Final.jar;C:\Users\User\.m2\repository\javax\persistence\javax.persistence-api\2.2\javax.persistence-api-2.2.jar;C:\Users\User\.m2\repository\org\javassist\javassist\3.27.0-GA\javassist-3.27.0-GA.jar;C:\Users\User\.m2\repository\net\bytebuddy\byte-buddy\1.10.17\byte-buddy-1.10.17.jar;C:\Users\User\.m2\repository\antlr\antlr\2.7.7\antlr-2.7.7.jar;C:\Users\User\.m2\repository\org\jboss\spec\javax\transaction\jboss-transaction-api_1.2_spec\1.1.1.Final\jboss-transaction-api_1.2_spec-1.1.1.Final.jar;C:\Users\User\.m2\repository\org\jboss\jandex\2.2.3.Final\jandex-2.2.3.Final.jar;C:\Users\User\.m2\repository\com\fasterxml\classmate\1.5.1\classmate-1.5.1.jar;C:\Users\User\.m2\repository\javax\activation\javax.activation-api\1.2.0\javax.activation-api-1.2.0.jar;C:\Users\User\.m2\repository\org\dom4j\dom4j\2.1.3\dom4j-2.1.3.jar;C:\Users\User\.m2\repository\org\hibernate\common\hibernate-commons-annotations\5.1.2.Final\hibernate-commons-annotations-5.1.2.Final.jar;C:\Users\User\.m2\repository\javax\xml\bind\jaxb-api\2.3.1\jaxb-api-2.3.1.jar;C:\Users\User\.m2\repository\org\glassfish\jaxb\jaxb-runtime\2.3.1\jaxb-runtime-2.3.1.jar;C:\Users\User\.m2\repository\org\glassfish\jaxb\txw2\2.3.1\txw2-2.3.1.jar;C:\Users\User\.m2\repository\com\sun\istack\istack-commons-runtime\3.0.7\istack-commons-runtime-3.0.7.jar;C:\Users\User\.m2\repository\org\jvnet\staxex\stax-ex\1.8\stax-ex-1.8.jar;C:\Users\User\.m2\repository\com\sun\xml\fastinfoset\FastInfoset\1.2.15\FastInfoset-1.2.15.jar
Launcher Type: SUN_STANDARD

[Global flags]
     intx CICompilerCount                          = 4                                         {product} {ergonomic}
     uint ConcGCThreads                            = 2                                         {product} {ergonomic}
     uint G1ConcRefinementThreads                  = 8                                         {product} {ergonomic}
   size_t G1HeapRegionSize                         = 1048576                                   {product} {ergonomic}
    uintx GCDrainStackTargetSize                   = 64                                        {product} {ergonomic}
   size_t InitialHeapSize                          = 130023424                                 {product} {ergonomic}
   size_t MarkStackSize                            = 4194304                                   {product} {ergonomic}
   size_t MaxHeapSize                              = 2065694720                                {product} {ergonomic}
   size_t MinHeapDeltaBytes                        = 1048576                                   {product} {ergonomic}
    uintx NonNMethodCodeHeapSize                   = 5836300                                {pd product} {ergonomic}
    uintx NonProfiledCodeHeapSize                  = 122910970                              {pd product} {ergonomic}
    uintx ProfiledCodeHeapSize                     = 122910970                              {pd product} {ergonomic}
    uintx ReservedCodeCacheSize                    = 251658240                              {pd product} {ergonomic}
     bool SegmentedCodeCache                       = true                                      {product} {ergonomic}
     bool UseCompressedClassPointers               = true                                 {lp64_product} {ergonomic}
     bool UseCompressedOops                        = true                                 {lp64_product} {ergonomic}
     bool UseG1GC                                  = true                                      {product} {ergonomic}
     bool UseLargePagesIndividualAllocation        = false                                  {pd product} {ergonomic}

Logging:
Log output configuration:
 #0: stdout all=warning uptime,level,tags
 #1: stderr all=off uptime,level,tags

Environment Variables:
PATH=C:/pleiades/eclipse//jre/bin/server;C:/pleiades/eclipse//jre/bin;C:\WINDOWS\system32;C:\WINDOWS;C:\WINDOWS\System32\Wbem;C:\WINDOWS\System32\WindowsPowerShell\v1.0\;C:\WINDOWS\System32\OpenSSH\;C:\Users\User\AppData\Local\Microsoft\WindowsApps;;C:\pleiades\eclipse;
USERNAME=User
OS=Windows_NT
PROCESSOR_IDENTIFIER=Intel64 Family 6 Model 140 Stepping 1, GenuineIntel



---------------  S Y S T E M  ---------------

OS: Windows 10 , 64 bit Build 22621 (10.0.22621.3374)
OS uptime: 8 days 3:28 hours
HyperV virtualization detected

CPU:total 8 (initial active 8) (4 cores per cpu, 2 threads per core) family 6 model 140 stepping 1, cmov, cx8, fxsr, mmx, sse, sse2, sse3, ssse3, sse4.1, sse4.2, popcnt, avx, avx2, aes, clmul, erms, 3dnowpref, lzcnt, ht, tsc, tscinvbit, bmi1, bmi2, adx, evex, sha, fma

Memory: 4k page, system-wide physical 7872M (912M free)
TotalPageFile size 32448M (AvailPageFile size 41M)
current process WorkingSet (physical memory assigned to process): 11M, peak: 11M
current process commit charge ("private bytes"): 60M, peak: 184M

vm_info: OpenJDK 64-Bit Server VM (11.0.9+11) for windows-amd64 JRE (11.0.9+11), built on Oct 24 2020 15:15:35 by "" with MS VC++ 15.9 (VS2017)

END.
