#
# There is insufficient memory for the Java Runtime Environment to continue.
# Native memory allocation (malloc) failed to allocate 1942896 bytes for Chunk::new
# Possible reasons:
#   The system is out of physical RAM or swap space
#   The process is running with CompressedOops enabled, and the Java Heap may be blocking the growth of the native heap
# Possible solutions:
#   Reduce memory load on the system
#   Increase physical memory or swap space
#   Check if swap backing store is full
#   Decrease Java heap size (-Xmx/-Xms)
#   Decrease number of Java threads
#   Decrease Java thread stack sizes (-Xss)
#   Set larger code cache with -XX:ReservedCodeCacheSize=
#   JVM is running with Unscaled Compressed Oops mode in which the Java heap is
#     placed in the first 4GB address space. The Java Heap base address is the
#     maximum limit for the native heap growth. Please use -XX:HeapBaseMinAddress
#     to set the Java Heap base and to place the Java Heap above 4GB virtual address.
# This output file may be truncated or incomplete.
#
#  Out of Memory Error (./src/hotspot/share/memory/arena.cpp:197), pid=7920, tid=6964
#
# JRE version: OpenJDK Runtime Environment AdoptOpenJDK (11.0.9+11) (build 11.0.9+11)
# Java VM: OpenJDK 64-Bit Server VM AdoptOpenJDK (11.0.9+11, mixed mode, tiered, compressed oops, g1 gc, windows-amd64)
# No core dump will be written. Minidumps are not enabled by default on client versions of Windows
#

---------------  S U M M A R Y ------------

Command Line: -Dfile.encoding=UTF-8 action.JpaTest

Host: 11th Gen Intel(R) Core(TM) i5-1135G7 @ 2.40GHz, 8 cores, 7G,  Windows 10 , 64 bit Build 22621 (10.0.22621.3374)
Time: Thu May  2 15:16:56 2024 “Œ‹ž (•W€Žž) elapsed time: 2.649205 seconds (0d 0h 0m 2s)

---------------  T H R E A D  ---------------

Current thread (0x0000024bdc07e000):  JavaThread "C2 CompilerThread0" daemon [_thread_in_native, id=6964, stack(0x000000e7b7a00000,0x000000e7b7b00000)]


Current CompileTask:
C2:   2649 1670   !   4       jdk.internal.loader.BuiltinClassLoader::loadClassOrNull (143 bytes)

Stack: [0x000000e7b7a00000,0x000000e7b7b00000]
Native frames: (J=compiled Java code, j=interpreted, Vv=VM code, C=native code)
V  [jvm.dll+0x5f465a]
V  [jvm.dll+0x77c78e]
V  [jvm.dll+0x77de5f]
V  [jvm.dll+0x77e523]
V  [jvm.dll+0x2477c8]
V  [jvm.dll+0xbe2ec]
V  [jvm.dll+0xbe9ec]
V  [jvm.dll+0x34d112]
V  [jvm.dll+0x31ae63]
V  [jvm.dll+0x31a19a]
V  [jvm.dll+0x201085]
V  [jvm.dll+0x20023f]
V  [jvm.dll+0x184fbc]
V  [jvm.dll+0x20f7f7]
V  [jvm.dll+0x20d9db]
V  [jvm.dll+0x741029]
V  [jvm.dll+0x73a0d4]
V  [jvm.dll+0x5f3586]
C  [ucrtbase.dll+0x29333]
C  [KERNEL32.DLL+0x1257d]
C  [ntdll.dll+0x5aa48]


---------------  P R O C E S S  ---------------

Threads class SMR info:
_java_thread_list=0x0000024bdddcccf0, length=13, elements={
0x0000024bbd2b1800, 0x0000024bdc070800, 0x0000024bdc06a800, 0x0000024bdc8cf800,
0x0000024bdc8d2800, 0x0000024bdc07e000, 0x0000024bdc8df800, 0x0000024bdc8e9000,
0x0000024bdca4b000, 0x0000024bdca68000, 0x0000024bddaed800, 0x0000024bddd4d800,
0x0000024bddb65800
}

Java Threads: ( => current thread )
  0x0000024bbd2b1800 JavaThread "main" [_thread_in_vm, id=22396, stack(0x000000e7b6f00000,0x000000e7b7000000)]
  0x0000024bdc070800 JavaThread "Reference Handler" daemon [_thread_blocked, id=20712, stack(0x000000e7b7600000,0x000000e7b7700000)]
  0x0000024bdc06a800 JavaThread "Finalizer" daemon [_thread_blocked, id=10784, stack(0x000000e7b7700000,0x000000e7b7800000)]
  0x0000024bdc8cf800 JavaThread "Signal Dispatcher" daemon [_thread_blocked, id=8084, stack(0x000000e7b7800000,0x000000e7b7900000)]
  0x0000024bdc8d2800 JavaThread "Attach Listener" daemon [_thread_blocked, id=15464, stack(0x000000e7b7900000,0x000000e7b7a00000)]
=>0x0000024bdc07e000 JavaThread "C2 CompilerThread0" daemon [_thread_in_native, id=6964, stack(0x000000e7b7a00000,0x000000e7b7b00000)]
  0x0000024bdc8df800 JavaThread "C1 CompilerThread0" daemon [_thread_blocked, id=22664, stack(0x000000e7b7b00000,0x000000e7b7c00000)]
  0x0000024bdc8e9000 JavaThread "Sweeper thread" daemon [_thread_blocked, id=9428, stack(0x000000e7b7c00000,0x000000e7b7d00000)]
  0x0000024bdca4b000 JavaThread "Service Thread" daemon [_thread_blocked, id=24824, stack(0x000000e7b7d00000,0x000000e7b7e00000)]
  0x0000024bdca68000 JavaThread "Common-Cleaner" daemon [_thread_blocked, id=17008, stack(0x000000e7b7f00000,0x000000e7b8000000)]
  0x0000024bddaed800 JavaThread "mysql-cj-abandoned-connection-cleanup" daemon [_thread_blocked, id=5084, stack(0x000000e7b8100000,0x000000e7b8200000)]
  0x0000024bddd4d800 JavaThread "C2 CompilerThread1" daemon [_thread_in_native, id=23584, stack(0x000000e7b8300000,0x000000e7b8400000)]
  0x0000024bddb65800 JavaThread "Hibernate Connection Pool Validation Thread" daemon [_thread_blocked, id=7652, stack(0x000000e7b8400000,0x000000e7b8500000)]

Other Threads:
  0x0000024bdc03c800 VMThread "VM Thread" [stack: 0x000000e7b7500000,0x000000e7b7600000] [id=18728]
  0x0000024bdca4c800 WatcherThread [stack: 0x000000e7b7e00000,0x000000e7b7f00000] [id=17280]
  0x0000024bbd2cd800 GCTaskThread "GC Thread#0" [stack: 0x000000e7b7000000,0x000000e7b7100000] [id=2200]
  0x0000024bdcbf7800 GCTaskThread "GC Thread#1" [stack: 0x000000e7b8000000,0x000000e7b8100000] [id=15884]
  0x0000024bbd302800 ConcurrentGCThread "G1 Main Marker" [stack: 0x000000e7b7100000,0x000000e7b7200000] [id=13008]
  0x0000024bbd304000 ConcurrentGCThread "G1 Conc#0" [stack: 0x000000e7b7200000,0x000000e7b7300000] [id=15076]
  0x0000024bdce2e800 ConcurrentGCThread "G1 Conc#1" [stack: 0x000000e7b8200000,0x000000e7b8300000] [id=984]
  0x0000024bbd37e000 ConcurrentGCThread "G1 Refine#0" [stack: 0x000000e7b7300000,0x000000e7b7400000] [id=23360]
  0x0000024bdbea8800 ConcurrentGCThread "G1 Young RemSet Sampling" [stack: 0x000000e7b7400000,0x000000e7b7500000] [id=13152]

Threads with active compile tasks:
C2 CompilerThread0   2671 1670   !   4       jdk.internal.loader.BuiltinClassLoader::loadClassOrNull (143 bytes)
C1 CompilerThread0   2671 1744       3       java.lang.invoke.MethodHandles$Lookup::checkMethod (83 bytes)
C2 CompilerThread1   2671 1739       4       jdk.internal.org.objectweb.asm.ClassWriter::newUTF8 (70 bytes)

VM state:not at safepoint (normal execution)

VM Mutex/Monitor currently owned by a thread: None

Heap address: 0x0000000084e00000, size: 1970 MB, Compressed Oops mode: 32-bit
Narrow klass base: 0x0000000000000000, Narrow klass shift: 3
Compressed class space size: 1073741824 Address: 0x0000000100000000

Heap:
 garbage-first heap   total 126976K, used 41970K [0x0000000084e00000, 0x0000000100000000)
  region size 1024K, 41 young (41984K), 5 survivors (5120K)
 Metaspace       used 31451K, capacity 31818K, committed 31872K, reserved 1077248K
  class space    used 3819K, capacity 3964K, committed 3968K, reserved 1048576K
Heap Regions: E=young(eden), S=young(survivor), O=old, HS=humongous(starts), HC=humongous(continues), CS=collection set, F=free, A=archive, TAMS=top-at-mark-start (previous, next)
|   0|0x0000000084e00000, 0x0000000084f00000, 0x0000000084f00000|100%|HS|  |TAMS 0x0000000084f00000, 0x0000000084e00000| Complete 
|   1|0x0000000084f00000, 0x0000000084f00000, 0x0000000085000000|  0%| F|  |TAMS 0x0000000084f00000, 0x0000000084f00000| Untracked 
|   2|0x0000000085000000, 0x0000000085000000, 0x0000000085100000|  0%| F|  |TAMS 0x0000000085000000, 0x0000000085000000| Untracked 
|   3|0x0000000085100000, 0x0000000085100000, 0x0000000085200000|  0%| F|  |TAMS 0x0000000085100000, 0x0000000085100000| Untracked 
|   4|0x0000000085200000, 0x0000000085200000, 0x0000000085300000|  0%| F|  |TAMS 0x0000000085200000, 0x0000000085200000| Untracked 
|   5|0x0000000085300000, 0x0000000085300000, 0x0000000085400000|  0%| F|  |TAMS 0x0000000085300000, 0x0000000085300000| Untracked 
|   6|0x0000000085400000, 0x0000000085400000, 0x0000000085500000|  0%| F|  |TAMS 0x0000000085400000, 0x0000000085400000| Untracked 
|   7|0x0000000085500000, 0x0000000085500000, 0x0000000085600000|  0%| F|  |TAMS 0x0000000085500000, 0x0000000085500000| Untracked 
|   8|0x0000000085600000, 0x0000000085600000, 0x0000000085700000|  0%| F|  |TAMS 0x0000000085600000, 0x0000000085600000| Untracked 
|   9|0x0000000085700000, 0x0000000085700000, 0x0000000085800000|  0%| F|  |TAMS 0x0000000085700000, 0x0000000085700000| Untracked 
|  10|0x0000000085800000, 0x0000000085800000, 0x0000000085900000|  0%| F|  |TAMS 0x0000000085800000, 0x0000000085800000| Untracked 
|  11|0x0000000085900000, 0x0000000085900000, 0x0000000085a00000|  0%| F|  |TAMS 0x0000000085900000, 0x0000000085900000| Untracked 
|  12|0x0000000085a00000, 0x0000000085a00000, 0x0000000085b00000|  0%| F|  |TAMS 0x0000000085a00000, 0x0000000085a00000| Untracked 
|  13|0x0000000085b00000, 0x0000000085b00000, 0x0000000085c00000|  0%| F|  |TAMS 0x0000000085b00000, 0x0000000085b00000| Untracked 
|  14|0x0000000085c00000, 0x0000000085c00000, 0x0000000085d00000|  0%| F|  |TAMS 0x0000000085c00000, 0x0000000085c00000| Untracked 
|  15|0x0000000085d00000, 0x0000000085d00000, 0x0000000085e00000|  0%| F|  |TAMS 0x0000000085d00000, 0x0000000085d00000| Untracked 
|  16|0x0000000085e00000, 0x0000000085e00000, 0x0000000085f00000|  0%| F|  |TAMS 0x0000000085e00000, 0x0000000085e00000| Untracked 
|  17|0x0000000085f00000, 0x0000000085f00000, 0x0000000086000000|  0%| F|  |TAMS 0x0000000085f00000, 0x0000000085f00000| Untracked 
|  18|0x0000000086000000, 0x0000000086000000, 0x0000000086100000|  0%| F|  |TAMS 0x0000000086000000, 0x0000000086000000| Untracked 
|  19|0x0000000086100000, 0x0000000086100000, 0x0000000086200000|  0%| F|  |TAMS 0x0000000086100000, 0x0000000086100000| Untracked 
|  20|0x0000000086200000, 0x0000000086200000, 0x0000000086300000|  0%| F|  |TAMS 0x0000000086200000, 0x0000000086200000| Untracked 
|  21|0x0000000086300000, 0x0000000086300000, 0x0000000086400000|  0%| F|  |TAMS 0x0000000086300000, 0x0000000086300000| Untracked 
|  22|0x0000000086400000, 0x0000000086400000, 0x0000000086500000|  0%| F|  |TAMS 0x0000000086400000, 0x0000000086400000| Untracked 
|  23|0x0000000086500000, 0x0000000086500000, 0x0000000086600000|  0%| F|  |TAMS 0x0000000086500000, 0x0000000086500000| Untracked 
|  24|0x0000000086600000, 0x0000000086600000, 0x0000000086700000|  0%| F|  |TAMS 0x0000000086600000, 0x0000000086600000| Untracked 
|  25|0x0000000086700000, 0x0000000086700000, 0x0000000086800000|  0%| F|  |TAMS 0x0000000086700000, 0x0000000086700000| Untracked 
|  26|0x0000000086800000, 0x0000000086800000, 0x0000000086900000|  0%| F|  |TAMS 0x0000000086800000, 0x0000000086800000| Untracked 
|  27|0x0000000086900000, 0x0000000086900000, 0x0000000086a00000|  0%| F|  |TAMS 0x0000000086900000, 0x0000000086900000| Untracked 
|  28|0x0000000086a00000, 0x0000000086a00000, 0x0000000086b00000|  0%| F|  |TAMS 0x0000000086a00000, 0x0000000086a00000| Untracked 
|  29|0x0000000086b00000, 0x0000000086b00000, 0x0000000086c00000|  0%| F|  |TAMS 0x0000000086b00000, 0x0000000086b00000| Untracked 
|  30|0x0000000086c00000, 0x0000000086c00000, 0x0000000086d00000|  0%| F|  |TAMS 0x0000000086c00000, 0x0000000086c00000| Untracked 
|  31|0x0000000086d00000, 0x0000000086d00000, 0x0000000086e00000|  0%| F|  |TAMS 0x0000000086d00000, 0x0000000086d00000| Untracked 
|  32|0x0000000086e00000, 0x0000000086e00000, 0x0000000086f00000|  0%| F|  |TAMS 0x0000000086e00000, 0x0000000086e00000| Untracked 
|  33|0x0000000086f00000, 0x0000000086f00000, 0x0000000087000000|  0%| F|  |TAMS 0x0000000086f00000, 0x0000000086f00000| Untracked 
|  34|0x0000000087000000, 0x0000000087000000, 0x0000000087100000|  0%| F|  |TAMS 0x0000000087000000, 0x0000000087000000| Untracked 
|  35|0x0000000087100000, 0x0000000087100000, 0x0000000087200000|  0%| F|  |TAMS 0x0000000087100000, 0x0000000087100000| Untracked 
|  36|0x0000000087200000, 0x0000000087200000, 0x0000000087300000|  0%| F|  |TAMS 0x0000000087200000, 0x0000000087200000| Untracked 
|  37|0x0000000087300000, 0x0000000087300000, 0x0000000087400000|  0%| F|  |TAMS 0x0000000087300000, 0x0000000087300000| Untracked 
|  38|0x0000000087400000, 0x0000000087400000, 0x0000000087500000|  0%| F|  |TAMS 0x0000000087400000, 0x0000000087400000| Untracked 
|  39|0x0000000087500000, 0x0000000087500000, 0x0000000087600000|  0%| F|  |TAMS 0x0000000087500000, 0x0000000087500000| Untracked 
|  40|0x0000000087600000, 0x0000000087600000, 0x0000000087700000|  0%| F|  |TAMS 0x0000000087600000, 0x0000000087600000| Untracked 
|  41|0x0000000087700000, 0x0000000087700000, 0x0000000087800000|  0%| F|  |TAMS 0x0000000087700000, 0x0000000087700000| Untracked 
|  42|0x0000000087800000, 0x0000000087800000, 0x0000000087900000|  0%| F|  |TAMS 0x0000000087800000, 0x0000000087800000| Untracked 
|  43|0x0000000087900000, 0x0000000087900000, 0x0000000087a00000|  0%| F|  |TAMS 0x0000000087900000, 0x0000000087900000| Untracked 
|  44|0x0000000087a00000, 0x0000000087a00000, 0x0000000087b00000|  0%| F|  |TAMS 0x0000000087a00000, 0x0000000087a00000| Untracked 
|  45|0x0000000087b00000, 0x0000000087b00000, 0x0000000087c00000|  0%| F|  |TAMS 0x0000000087b00000, 0x0000000087b00000| Untracked 
|  46|0x0000000087c00000, 0x0000000087c00000, 0x0000000087d00000|  0%| F|  |TAMS 0x0000000087c00000, 0x0000000087c00000| Untracked 
|  47|0x0000000087d00000, 0x0000000087d00000, 0x0000000087e00000|  0%| F|  |TAMS 0x0000000087d00000, 0x0000000087d00000| Untracked 
|  48|0x0000000087e00000, 0x0000000087e00000, 0x0000000087f00000|  0%| F|  |TAMS 0x0000000087e00000, 0x0000000087e00000| Untracked 
|  49|0x0000000087f00000, 0x0000000087f00000, 0x0000000088000000|  0%| F|  |TAMS 0x0000000087f00000, 0x0000000087f00000| Untracked 
|  50|0x0000000088000000, 0x0000000088000000, 0x0000000088100000|  0%| F|  |TAMS 0x0000000088000000, 0x0000000088000000| Untracked 
|  51|0x0000000088100000, 0x0000000088100000, 0x0000000088200000|  0%| F|  |TAMS 0x0000000088100000, 0x0000000088100000| Untracked 
|  52|0x0000000088200000, 0x0000000088200000, 0x0000000088300000|  0%| F|  |TAMS 0x0000000088200000, 0x0000000088200000| Untracked 
|  53|0x0000000088300000, 0x0000000088300000, 0x0000000088400000|  0%| F|  |TAMS 0x0000000088300000, 0x0000000088300000| Untracked 
|  54|0x0000000088400000, 0x0000000088400000, 0x0000000088500000|  0%| F|  |TAMS 0x0000000088400000, 0x0000000088400000| Untracked 
|  55|0x0000000088500000, 0x0000000088500000, 0x0000000088600000|  0%| F|  |TAMS 0x0000000088500000, 0x0000000088500000| Untracked 
|  56|0x0000000088600000, 0x0000000088600000, 0x0000000088700000|  0%| F|  |TAMS 0x0000000088600000, 0x0000000088600000| Untracked 
|  57|0x0000000088700000, 0x0000000088700000, 0x0000000088800000|  0%| F|  |TAMS 0x0000000088700000, 0x0000000088700000| Untracked 
|  58|0x0000000088800000, 0x0000000088800000, 0x0000000088900000|  0%| F|  |TAMS 0x0000000088800000, 0x0000000088800000| Untracked 
|  59|0x0000000088900000, 0x0000000088900000, 0x0000000088a00000|  0%| F|  |TAMS 0x0000000088900000, 0x0000000088900000| Untracked 
|  60|0x0000000088a00000, 0x0000000088a00000, 0x0000000088b00000|  0%| F|  |TAMS 0x0000000088a00000, 0x0000000088a00000| Untracked 
|  61|0x0000000088b00000, 0x0000000088b00000, 0x0000000088c00000|  0%| F|  |TAMS 0x0000000088b00000, 0x0000000088b00000| Untracked 
|  62|0x0000000088c00000, 0x0000000088c00000, 0x0000000088d00000|  0%| F|  |TAMS 0x0000000088c00000, 0x0000000088c00000| Untracked 
|  63|0x0000000088d00000, 0x0000000088d00000, 0x0000000088e00000|  0%| F|  |TAMS 0x0000000088d00000, 0x0000000088d00000| Untracked 
|  64|0x0000000088e00000, 0x0000000088e00000, 0x0000000088f00000|  0%| F|  |TAMS 0x0000000088e00000, 0x0000000088e00000| Untracked 
|  65|0x0000000088f00000, 0x0000000088f00000, 0x0000000089000000|  0%| F|  |TAMS 0x0000000088f00000, 0x0000000088f00000| Untracked 
|  66|0x0000000089000000, 0x0000000089000000, 0x0000000089100000|  0%| F|  |TAMS 0x0000000089000000, 0x0000000089000000| Untracked 
|  67|0x0000000089100000, 0x0000000089100000, 0x0000000089200000|  0%| F|  |TAMS 0x0000000089100000, 0x0000000089100000| Untracked 
|  68|0x0000000089200000, 0x0000000089200000, 0x0000000089300000|  0%| F|  |TAMS 0x0000000089200000, 0x0000000089200000| Untracked 
|  69|0x0000000089300000, 0x0000000089300000, 0x0000000089400000|  0%| F|  |TAMS 0x0000000089300000, 0x0000000089300000| Untracked 
|  70|0x0000000089400000, 0x0000000089400000, 0x0000000089500000|  0%| F|  |TAMS 0x0000000089400000, 0x0000000089400000| Untracked 
|  71|0x0000000089500000, 0x0000000089500000, 0x0000000089600000|  0%| F|  |TAMS 0x0000000089500000, 0x0000000089500000| Untracked 
|  72|0x0000000089600000, 0x00000000896fcae0, 0x0000000089700000| 98%| S|CS|TAMS 0x0000000089600000, 0x0000000089600000| Complete 
|  73|0x0000000089700000, 0x0000000089800000, 0x0000000089800000|100%| S|CS|TAMS 0x0000000089700000, 0x0000000089700000| Complete 
|  74|0x0000000089800000, 0x0000000089900000, 0x0000000089900000|100%| S|CS|TAMS 0x0000000089800000, 0x0000000089800000| Complete 
|  75|0x0000000089900000, 0x0000000089a00000, 0x0000000089a00000|100%| S|CS|TAMS 0x0000000089900000, 0x0000000089900000| Complete 
|  76|0x0000000089a00000, 0x0000000089b00000, 0x0000000089b00000|100%| S|CS|TAMS 0x0000000089a00000, 0x0000000089a00000| Complete 
|  77|0x0000000089b00000, 0x0000000089b00000, 0x0000000089c00000|  0%| F|  |TAMS 0x0000000089b00000, 0x0000000089b00000| Untracked 
|  78|0x0000000089c00000, 0x0000000089c00000, 0x0000000089d00000|  0%| F|  |TAMS 0x0000000089c00000, 0x0000000089c00000| Untracked 
|  79|0x0000000089d00000, 0x0000000089d00000, 0x0000000089e00000|  0%| F|  |TAMS 0x0000000089d00000, 0x0000000089d00000| Untracked 
|  80|0x0000000089e00000, 0x0000000089e00000, 0x0000000089f00000|  0%| F|  |TAMS 0x0000000089e00000, 0x0000000089e00000| Untracked 
|  81|0x0000000089f00000, 0x0000000089f00000, 0x000000008a000000|  0%| F|  |TAMS 0x0000000089f00000, 0x0000000089f00000| Untracked 
|  82|0x000000008a000000, 0x000000008a000000, 0x000000008a100000|  0%| F|  |TAMS 0x000000008a000000, 0x000000008a000000| Untracked 
|  83|0x000000008a100000, 0x000000008a100000, 0x000000008a200000|  0%| F|  |TAMS 0x000000008a100000, 0x000000008a100000| Untracked 
|  84|0x000000008a200000, 0x000000008a200000, 0x000000008a300000|  0%| F|  |TAMS 0x000000008a200000, 0x000000008a200000| Untracked 
|  85|0x000000008a300000, 0x000000008a300000, 0x000000008a400000|  0%| F|  |TAMS 0x000000008a300000, 0x000000008a300000| Untracked 
|  86|0x000000008a400000, 0x000000008a400000, 0x000000008a500000|  0%| F|  |TAMS 0x000000008a400000, 0x000000008a400000| Untracked 
|  87|0x000000008a500000, 0x000000008a500000, 0x000000008a600000|  0%| F|  |TAMS 0x000000008a500000, 0x000000008a500000| Untracked 
|  88|0x000000008a600000, 0x000000008a700000, 0x000000008a700000|100%| E|  |TAMS 0x000000008a600000, 0x000000008a600000| Complete 
|  89|0x000000008a700000, 0x000000008a800000, 0x000000008a800000|100%| E|CS|TAMS 0x000000008a700000, 0x000000008a700000| Complete 
|  90|0x000000008a800000, 0x000000008a900000, 0x000000008a900000|100%| E|CS|TAMS 0x000000008a800000, 0x000000008a800000| Complete 
|  91|0x000000008a900000, 0x000000008aa00000, 0x000000008aa00000|100%| E|CS|TAMS 0x000000008a900000, 0x000000008a900000| Complete 
|  92|0x000000008aa00000, 0x000000008ab00000, 0x000000008ab00000|100%| E|CS|TAMS 0x000000008aa00000, 0x000000008aa00000| Complete 
|  93|0x000000008ab00000, 0x000000008ac00000, 0x000000008ac00000|100%| E|CS|TAMS 0x000000008ab00000, 0x000000008ab00000| Complete 
|  94|0x000000008ac00000, 0x000000008ad00000, 0x000000008ad00000|100%| E|CS|TAMS 0x000000008ac00000, 0x000000008ac00000| Complete 
|  95|0x000000008ad00000, 0x000000008ae00000, 0x000000008ae00000|100%| E|CS|TAMS 0x000000008ad00000, 0x000000008ad00000| Complete 
|  96|0x000000008ae00000, 0x000000008af00000, 0x000000008af00000|100%| E|CS|TAMS 0x000000008ae00000, 0x000000008ae00000| Complete 
|  97|0x000000008af00000, 0x000000008b000000, 0x000000008b000000|100%| E|CS|TAMS 0x000000008af00000, 0x000000008af00000| Complete 
|  98|0x000000008b000000, 0x000000008b100000, 0x000000008b100000|100%| E|CS|TAMS 0x000000008b000000, 0x000000008b000000| Complete 
|  99|0x000000008b100000, 0x000000008b200000, 0x000000008b200000|100%| E|CS|TAMS 0x000000008b100000, 0x000000008b100000| Complete 
| 100|0x000000008b200000, 0x000000008b300000, 0x000000008b300000|100%| E|CS|TAMS 0x000000008b200000, 0x000000008b200000| Complete 
| 101|0x000000008b300000, 0x000000008b400000, 0x000000008b400000|100%| E|CS|TAMS 0x000000008b300000, 0x000000008b300000| Complete 
| 102|0x000000008b400000, 0x000000008b500000, 0x000000008b500000|100%| E|CS|TAMS 0x000000008b400000, 0x000000008b400000| Complete 
| 103|0x000000008b500000, 0x000000008b600000, 0x000000008b600000|100%| E|CS|TAMS 0x000000008b500000, 0x000000008b500000| Complete 
| 104|0x000000008b600000, 0x000000008b700000, 0x000000008b700000|100%| E|CS|TAMS 0x000000008b600000, 0x000000008b600000| Complete 
| 105|0x000000008b700000, 0x000000008b800000, 0x000000008b800000|100%| E|CS|TAMS 0x000000008b700000, 0x000000008b700000| Complete 
| 106|0x000000008b800000, 0x000000008b900000, 0x000000008b900000|100%| E|CS|TAMS 0x000000008b800000, 0x000000008b800000| Complete 
| 107|0x000000008b900000, 0x000000008ba00000, 0x000000008ba00000|100%| E|CS|TAMS 0x000000008b900000, 0x000000008b900000| Complete 
| 108|0x000000008ba00000, 0x000000008bb00000, 0x000000008bb00000|100%| E|CS|TAMS 0x000000008ba00000, 0x000000008ba00000| Complete 
| 109|0x000000008bb00000, 0x000000008bc00000, 0x000000008bc00000|100%| E|CS|TAMS 0x000000008bb00000, 0x000000008bb00000| Complete 
| 110|0x000000008bc00000, 0x000000008bd00000, 0x000000008bd00000|100%| E|CS|TAMS 0x000000008bc00000, 0x000000008bc00000| Complete 
| 111|0x000000008bd00000, 0x000000008be00000, 0x000000008be00000|100%| E|CS|TAMS 0x000000008bd00000, 0x000000008bd00000| Complete 
| 112|0x000000008be00000, 0x000000008bf00000, 0x000000008bf00000|100%| E|CS|TAMS 0x000000008be00000, 0x000000008be00000| Complete 
| 113|0x000000008bf00000, 0x000000008c000000, 0x000000008c000000|100%| E|CS|TAMS 0x000000008bf00000, 0x000000008bf00000| Complete 
| 114|0x000000008c000000, 0x000000008c100000, 0x000000008c100000|100%| E|CS|TAMS 0x000000008c000000, 0x000000008c000000| Complete 
| 115|0x000000008c100000, 0x000000008c200000, 0x000000008c200000|100%| E|CS|TAMS 0x000000008c100000, 0x000000008c100000| Complete 
| 116|0x000000008c200000, 0x000000008c300000, 0x000000008c300000|100%| E|CS|TAMS 0x000000008c200000, 0x000000008c200000| Complete 
| 117|0x000000008c300000, 0x000000008c400000, 0x000000008c400000|100%| E|CS|TAMS 0x000000008c300000, 0x000000008c300000| Complete 
| 118|0x000000008c400000, 0x000000008c500000, 0x000000008c500000|100%| E|CS|TAMS 0x000000008c400000, 0x000000008c400000| Complete 
| 119|0x000000008c500000, 0x000000008c600000, 0x000000008c600000|100%| E|CS|TAMS 0x000000008c500000, 0x000000008c500000| Complete 
| 120|0x000000008c600000, 0x000000008c700000, 0x000000008c700000|100%| E|CS|TAMS 0x000000008c600000, 0x000000008c600000| Complete 
| 121|0x000000008c700000, 0x000000008c800000, 0x000000008c800000|100%| E|CS|TAMS 0x000000008c700000, 0x000000008c700000| Complete 
| 122|0x000000008c800000, 0x000000008c900000, 0x000000008c900000|100%| E|CS|TAMS 0x000000008c800000, 0x000000008c800000| Complete 
| 123|0x000000008c900000, 0x000000008ca00000, 0x000000008ca00000|100%| E|CS|TAMS 0x000000008c900000, 0x000000008c900000| Complete 

Card table byte_map: [0x0000024bd50a0000,0x0000024bd5480000] _byte_map_base: 0x0000024bd4c79000

Marking Bits (Prev, Next): (CMBitMap*) 0x0000024bbd2f9fc0, (CMBitMap*) 0x0000024bbd2f9f88
 Prev Bits: [0x0000024bd7730000, 0x0000024bd95f8000)
 Next Bits: [0x0000024bd5860000, 0x0000024bd7728000)

Polling page: 0x0000024bbb1c0000

Metaspace:

Usage:
  Non-class:     27.33 MB capacity,    27.11 MB (>99%) used,   170.61 KB ( <1%) free+waste,    48.81 KB ( <1%) overhead. 
      Class:      3.90 MB capacity,     3.75 MB ( 96%) used,   133.82 KB (  3%) free+waste,    21.63 KB ( <1%) overhead. 
       Both:     31.23 MB capacity,    30.86 MB ( 99%) used,   304.43 KB ( <1%) free+waste,    70.44 KB ( <1%) overhead. 

Virtual space:
  Non-class space:       28.00 MB reserved,      27.50 MB ( 98%) committed 
      Class space:        1.00 GB reserved,       4.00 MB ( <1%) committed 
             Both:        1.03 GB reserved,      31.50 MB (  3%) committed 

Chunk freelists:
   Non-Class:  50.00 KB
       Class:  4.00 KB
        Both:  54.00 KB

MaxMetaspaceSize: 17179869184.00 GB
CompressedClassSpaceSize: 1.00 GB

CodeHeap 'non-profiled nmethods': size=120000Kb used=693Kb max_used=693Kb free=119306Kb
 bounds [0x0000024bcd460000, 0x0000024bcd6d0000, 0x0000024bd4990000]
CodeHeap 'profiled nmethods': size=120000Kb used=3342Kb max_used=3342Kb free=116657Kb
 bounds [0x0000024bc5f30000, 0x0000024bc6280000, 0x0000024bcd460000]
CodeHeap 'non-nmethods': size=5760Kb used=1197Kb max_used=1224Kb free=4562Kb
 bounds [0x0000024bc5990000, 0x0000024bc5c00000, 0x0000024bc5f30000]
 total_blobs=2286 nmethods=1745 adapters=452
 compilation: enabled
              stopped_count=0, restarted_count=0
 full_count=0

Compilation events (20 events):
Event: 2.603 Thread 0x0000024bdc8df800 1729       3       net.bytebuddy.description.type.TypeDescription$Generic$LazyProjection$OfMethodParameter::<init> (20 bytes)
Event: 2.603 Thread 0x0000024bdc8df800 nmethod 1729 0x0000024bc626a510 code [0x0000024bc626a700, 0x0000024bc626aaf8]
Event: 2.603 Thread 0x0000024bdc8df800 1730       3       net.bytebuddy.description.method.ParameterList$ForLoadedExecutable$OfMethod::get (6 bytes)
Event: 2.604 Thread 0x0000024bdc8df800 nmethod 1730 0x0000024bc626ac90 code [0x0000024bc626ae80, 0x0000024bc626b438]
Event: 2.604 Thread 0x0000024bdc8df800 1733       1       net.bytebuddy.implementation.Implementation$Context$Default$CacheValueField::getType (5 bytes)
Event: 2.604 Thread 0x0000024bdc8df800 nmethod 1733 0x0000024bcd503210 code [0x0000024bcd5033c0, 0x0000024bcd503478]
Event: 2.609 Thread 0x0000024bdc8df800 1734       3       java.lang.PublicMethods$MethodList::filter (104 bytes)
Event: 2.610 Thread 0x0000024bdc8df800 nmethod 1734 0x0000024bc626b610 code [0x0000024bc626b880, 0x0000024bc626c3f8]
Event: 2.619 Thread 0x0000024bdc8df800 1735       3       java.lang.Package$VersionInfo::getInstance (53 bytes)
Event: 2.620 Thread 0x0000024bdc8df800 nmethod 1735 0x0000024bc626c910 code [0x0000024bc626cae0, 0x0000024bc626ce88]
Event: 2.626 Thread 0x0000024bdc8df800 1737   !   3       java.lang.invoke.MethodHandle::setVarargs (24 bytes)
Event: 2.627 Thread 0x0000024bdc8df800 nmethod 1737 0x0000024bc626cf90 code [0x0000024bc626d1a0, 0x0000024bc626d838]
Event: 2.627 Thread 0x0000024bdc8df800 1738       3       java.lang.invoke.MemberName::isVarargs (23 bytes)
Event: 2.627 Thread 0x0000024bdc8df800 nmethod 1738 0x0000024bc626da90 code [0x0000024bc626dc80, 0x0000024bc626e118]
Event: 2.631 Thread 0x0000024bdc8df800 1740       3       java.lang.invoke.MethodHandleNatives::isCallerSensitive (29 bytes)
Event: 2.632 Thread 0x0000024bdc8df800 nmethod 1740 0x0000024bc626e290 code [0x0000024bc626e480, 0x0000024bc626e9e8]
Event: 2.632 Thread 0x0000024bdc8df800 1741       3       java.lang.invoke.MethodHandleNatives::canBeCalledVirtual (93 bytes)
Event: 2.632 Thread 0x0000024bdc8df800 nmethod 1741 0x0000024bc626eb90 code [0x0000024bc626eda0, 0x0000024bc626f318]
Event: 2.642 Thread 0x0000024bdc8df800 1742       3       sun.invoke.util.Wrapper::isSingleWord (15 bytes)
Event: 2.642 Thread 0x0000024bdc8df800 nmethod 1742 0x0000024bc626f510 code [0x0000024bc626f6c0, 0x0000024bc626f818]

GC Heap History (4 events):
Event: 0.340 GC heap before
{Heap before GC invocations=0 (full 0):
 garbage-first heap   total 126976K, used 24576K [0x0000000084e00000, 0x0000000100000000)
  region size 1024K, 24 young (24576K), 0 survivors (0K)
 Metaspace       used 5984K, capacity 6067K, committed 6272K, reserved 1056768K
  class space    used 522K, capacity 529K, committed 640K, reserved 1048576K
}
Event: 0.343 GC heap after
{Heap after GC invocations=1 (full 0):
 garbage-first heap   total 126976K, used 2860K [0x0000000084e00000, 0x0000000100000000)
  region size 1024K, 2 young (2048K), 2 survivors (2048K)
 Metaspace       used 5984K, capacity 6067K, committed 6272K, reserved 1056768K
  class space    used 522K, capacity 529K, committed 640K, reserved 1048576K
}
Event: 1.691 GC heap before
{Heap before GC invocations=1 (full 0):
 garbage-first heap   total 126976K, used 46892K [0x0000000084e00000, 0x0000000100000000)
  region size 1024K, 47 young (48128K), 2 survivors (2048K)
 Metaspace       used 20857K, capacity 21167K, committed 21248K, reserved 1069056K
  class space    used 2351K, capacity 2483K, committed 2560K, reserved 1048576K
}
Event: 1.702 GC heap after
{Heap after GC invocations=2 (full 0):
 garbage-first heap   total 126976K, used 6130K [0x0000000084e00000, 0x0000000100000000)
  region size 1024K, 5 young (5120K), 5 survivors (5120K)
 Metaspace       used 20857K, capacity 21167K, committed 21248K, reserved 1069056K
  class space    used 2351K, capacity 2483K, committed 2560K, reserved 1048576K
}

Deoptimization events (20 events):
Event: 1.507 Thread 0x0000024bbd2b1800 Uncommon trap: trap_request=0xffffff4d fr.pc=0x0000024bcd497594 relative=0x00000000000000d4
Event: 1.507 Thread 0x0000024bbd2b1800 Uncommon trap: reason=unstable_if action=reinterpret pc=0x0000024bcd497594 method=java.util.HashMap.hash(Ljava/lang/Object;)I @ 1 c2
Event: 1.507 Thread 0x0000024bbd2b1800 DEOPT PACKING pc=0x0000024bcd497594 sp=0x000000e7b6ffd3e0
Event: 1.507 Thread 0x0000024bbd2b1800 DEOPT UNPACKING pc=0x0000024bc599822f sp=0x000000e7b6ffd320 mode 2
Event: 1.838 Thread 0x0000024bbd2b1800 Uncommon trap: trap_request=0xffffffde fr.pc=0x0000024bcd4a11a8 relative=0x0000000000000728
Event: 1.838 Thread 0x0000024bbd2b1800 Uncommon trap: reason=class_check action=maybe_recompile pc=0x0000024bcd4a11a8 method=java.util.HashMap.putVal(ILjava/lang/Object;Ljava/lang/Object;ZZ)Ljava/lang/Object; @ 203 c2
Event: 1.838 Thread 0x0000024bbd2b1800 DEOPT PACKING pc=0x0000024bcd4a11a8 sp=0x000000e7b6ff8670
Event: 1.838 Thread 0x0000024bbd2b1800 DEOPT UNPACKING pc=0x0000024bc599822f sp=0x000000e7b6ff85f0 mode 2
Event: 1.839 Thread 0x0000024bbd2b1800 Uncommon trap: trap_request=0xffffffde fr.pc=0x0000024bcd4a11a8 relative=0x0000000000000728
Event: 1.839 Thread 0x0000024bbd2b1800 Uncommon trap: reason=class_check action=maybe_recompile pc=0x0000024bcd4a11a8 method=java.util.HashMap.putVal(ILjava/lang/Object;Ljava/lang/Object;ZZ)Ljava/lang/Object; @ 203 c2
Event: 1.839 Thread 0x0000024bbd2b1800 DEOPT PACKING pc=0x0000024bcd4a11a8 sp=0x000000e7b6ff8670
Event: 1.839 Thread 0x0000024bbd2b1800 DEOPT UNPACKING pc=0x0000024bc599822f sp=0x000000e7b6ff85f0 mode 2
Event: 1.937 Thread 0x0000024bbd2b1800 Uncommon trap: trap_request=0xffffff4d fr.pc=0x0000024bcd47c280 relative=0x0000000000000160
Event: 1.937 Thread 0x0000024bbd2b1800 Uncommon trap: reason=unstable_if action=reinterpret pc=0x0000024bcd47c280 method=java.lang.StringCoding.hasNegatives([BII)Z @ 12 c2
Event: 1.937 Thread 0x0000024bbd2b1800 DEOPT PACKING pc=0x0000024bcd47c280 sp=0x000000e7b6ffd9e0
Event: 1.937 Thread 0x0000024bbd2b1800 DEOPT UNPACKING pc=0x0000024bc599822f sp=0x000000e7b6ffd970 mode 2
Event: 2.037 Thread 0x0000024bbd2b1800 DEOPT PACKING pc=0x0000024bc61d6750 sp=0x000000e7b6ffe0a0
Event: 2.037 Thread 0x0000024bbd2b1800 DEOPT UNPACKING pc=0x0000024bc59b8ade sp=0x000000e7b6ffd528 mode 0
Event: 2.037 Thread 0x0000024bbd2b1800 DEOPT PACKING pc=0x0000024bc608b204 sp=0x000000e7b6ffe270
Event: 2.037 Thread 0x0000024bbd2b1800 DEOPT UNPACKING pc=0x0000024bc59b8ade sp=0x000000e7b6ffd728 mode 0

Classes redefined (0 events):
No events

Internal exceptions (20 events):
Event: 0.313 Thread 0x0000024bbd2b1800 Exception <a 'java/security/PrivilegedActionException'{0x000000008c6703b8}> (0x000000008c6703b8) thrown at [./src/hotspot/share/prims/jvm.cpp, line 1305]
Event: 0.313 Thread 0x0000024bbd2b1800 Exception <a 'java/security/PrivilegedActionException'{0x000000008c671038}> (0x000000008c671038) thrown at [./src/hotspot/share/prims/jvm.cpp, line 1305]
Event: 0.313 Thread 0x0000024bbd2b1800 Exception <a 'java/security/PrivilegedActionException'{0x000000008c671308}> (0x000000008c671308) thrown at [./src/hotspot/share/prims/jvm.cpp, line 1305]
Event: 0.313 Thread 0x0000024bbd2b1800 Exception <a 'java/security/PrivilegedActionException'{0x000000008c671fe0}> (0x000000008c671fe0) thrown at [./src/hotspot/share/prims/jvm.cpp, line 1305]
Event: 0.313 Thread 0x0000024bbd2b1800 Exception <a 'java/security/PrivilegedActionException'{0x000000008c6722b0}> (0x000000008c6722b0) thrown at [./src/hotspot/share/prims/jvm.cpp, line 1305]
Event: 0.481 Thread 0x0000024bbd2b1800 Exception <a 'java/lang/NoSuchMethodError'{0x000000008b7b7410}: 'java.lang.Object java.lang.invoke.DirectMethodHandle$Holder.invokeStatic(java.lang.Object, java.lang.Object, java.lang.Object, java.lang.Object, java.lang.Object, java.lang.Object, java.lang.Object, java.lang.Object, java.lang.Object, java.lang.Object, java.lang.Object, java.lang.Object, java.lang.Object, java.lang.Object, java.lang.Object)'> (0x000000008b7b7410) thrown at [./src/hotspot/share/interpreter/linkResolver.cpp, line 773]
Event: 0.484 Thread 0x0000024bbd2b1800 Exception <a 'java/lang/NoSuchMethodError'{0x000000008b7c5928}: 'java.lang.Object java.lang.invoke.DirectMethodHandle$Holder.invokeStatic(java.lang.Object, java.lang.Object, java.lang.Object, java.lang.Object, java.lang.Object, java.lang.Object, java.lang.Object, java.lang.Object, java.lang.Object, java.lang.Object, java.lang.Object, java.lang.Object, java.lang.Object, java.lang.Object, java.lang.Object, java.lang.Object)'> (0x000000008b7c5928) thrown at [./src/hotspot/share/interpreter/linkResolver.cpp, l
Event: 0.485 Thread 0x0000024bbd2b1800 Exception <a 'java/lang/NoSuchMethodError'{0x000000008b7d3598}: 'java.lang.Object java.lang.invoke.DirectMethodHandle$Holder.invokeSpecial(java.lang.Object, java.lang.Object, int, int, java.lang.Object, java.lang.Object, java.lang.Object)'> (0x000000008b7d3598) thrown at [./src/hotspot/share/interpreter/linkResolver.cpp, line 773]
Event: 0.486 Thread 0x0000024bbd2b1800 Exception <a 'java/lang/NoSuchMethodError'{0x000000008b7d6b28}: 'java.lang.Object java.lang.invoke.DelegatingMethodHandle$Holder.reinvoke_L(java.lang.Object, int, int, java.lang.Object, java.lang.Object, java.lang.Object)'> (0x000000008b7d6b28) thrown at [./src/hotspot/share/interpreter/linkResolver.cpp, line 773]
Event: 0.486 Thread 0x0000024bbd2b1800 Exception <a 'java/lang/NoSuchMethodError'{0x000000008b7daeb0}: 'java.lang.Object java.lang.invoke.DirectMethodHandle$Holder.invokeStatic(java.lang.Object, java.lang.Object, java.lang.Object, java.lang.Object, int)'> (0x000000008b7daeb0) thrown at [./src/hotspot/share/interpreter/linkResolver.cpp, line 773]
Event: 0.564 Thread 0x0000024bbd2b1800 Exception <a 'java/lang/NoSuchMethodError'{0x000000008b56ec18}: 'int java.lang.invoke.DirectMethodHandle$Holder.invokeSpecialIFC(java.lang.Object, java.lang.Object, int)'> (0x000000008b56ec18) thrown at [./src/hotspot/share/interpreter/linkResolver.cpp, line 773]
Event: 0.572 Thread 0x0000024bbd2b1800 Exception <a 'java/lang/ClassNotFoundException'{0x000000008b5838c8}: com/sun/org/apache/xerces/internal/impl/xpath/regex/spi/messageProvider> (0x000000008b5838c8) thrown at [./src/hotspot/share/classfile/systemDictionary.cpp, line 231]
Event: 1.102 Thread 0x0000024bbd2b1800 Exception <a 'java/lang/NoSuchMethodError'{0x000000008a5a1e80}: 'java.lang.Object java.lang.invoke.DirectMethodHandle$Holder.invokeStaticInit(java.lang.Object, int, int, int, int)'> (0x000000008a5a1e80) thrown at [./src/hotspot/share/interpreter/linkResolver.cpp, line 773]
Event: 1.456 Thread 0x0000024bbd2b1800 Exception <a 'java/lang/NoSuchMethodError'{0x000000008a5df578}: 'java.lang.Object java.lang.invoke.DirectMethodHandle$Holder.invokeStaticInit(java.lang.Object, java.lang.Object, int, int, int, int)'> (0x000000008a5df578) thrown at [./src/hotspot/share/interpreter/linkResolver.cpp, line 773]
Event: 1.507 Thread 0x0000024bbd2b1800 Implicit null exception at 0x0000024bcd4974f8 to 0x0000024bcd49758a
Event: 1.687 Thread 0x0000024bbd2b1800 Exception <a 'java/lang/NoSuchMethodError'{0x0000000089b95ed0}: 'java.lang.Object java.lang.invoke.DirectMethodHandle$Holder.invokeVirtual(java.lang.Object, java.lang.Object, java.lang.Object)'> (0x0000000089b95ed0) thrown at [./src/hotspot/share/interpreter/linkResolver.cpp, line 773]
Event: 1.948 Thread 0x0000024bbd2b1800 Exception <a 'java/lang/NoSuchMethodError'{0x000000008c2088f0}: 'void java.lang.invoke.DirectMethodHandle$Holder.invokeVirtual(java.lang.Object, java.lang.Object)'> (0x000000008c2088f0) thrown at [./src/hotspot/share/interpreter/linkResolver.cpp, line 773]
Event: 2.246 Thread 0x0000024bbd2b1800 Exception <a 'java/lang/NoSuchMethodError'{0x000000008b74ace0}: 'java.lang.Object java.lang.invoke.DirectMethodHandle$Holder.newInvokeSpecial(java.lang.Object, java.lang.Object, int, java.lang.Object, java.lang.Object)'> (0x000000008b74ace0) thrown at [./src/hotspot/share/interpreter/linkResolver.cpp, line 773]
Event: 2.626 Thread 0x0000024bbd2b1800 Exception <a 'java/lang/NoSuchMethodError'{0x000000008a845ef0}: 'void java.lang.invoke.DirectMethodHandle$Holder.invokeInterface(java.lang.Object, java.lang.Object)'> (0x000000008a845ef0) thrown at [./src/hotspot/share/interpreter/linkResolver.cpp, line 773]
Event: 2.642 Thread 0x0000024bbd2b1800 Exception <a 'java/lang/NoSuchMethodError'{0x000000008a8ea630}: 'java.lang.Object java.lang.invoke.DirectMethodHandle$Holder.invokeStaticInit(java.lang.Object, java.lang.Object, java.lang.Object, java.lang.Object, int, int)'> (0x000000008a8ea630) thrown at [./src/hotspot/share/interpreter/linkResolver.cpp, line 773]

Events (20 events):
Event: 2.641 loading class org/hibernate/loader/plan/exec/process/spi/ResultSetProcessorResolver
Event: 2.641 loading class org/hibernate/loader/plan/exec/process/spi/ResultSetProcessorResolver done
Event: 2.641 loading class org/hibernate/loader/plan/exec/process/spi/ResultSetProcessor
Event: 2.641 loading class org/hibernate/loader/plan/exec/process/spi/ResultSetProcessor done
Event: 2.642 loading class org/hibernate/loader/plan/spi/LoadPlan
Event: 2.642 loading class org/hibernate/loader/plan/spi/LoadPlan done
Event: 2.642 loading class org/hibernate/loader/plan/spi/LoadPlan
Event: 2.642 loading class org/hibernate/loader/plan/spi/LoadPlan done
Event: 2.642 loading class org/hibernate/loader/plan/exec/spi/AliasResolutionContext
Event: 2.642 loading class org/hibernate/loader/plan/exec/spi/AliasResolutionContext done
Event: 2.642 loading class org/hibernate/loader/plan/exec/process/spi/ReaderCollector
Event: 2.642 loading class org/hibernate/loader/plan/exec/process/spi/ReaderCollector done
Event: 2.642 loading class org/hibernate/loader/plan/spi/LoadPlan
Event: 2.642 loading class org/hibernate/loader/plan/spi/LoadPlan done
Event: 2.642 loading class org/hibernate/loader/plan/exec/process/spi/ResultSetProcessorResolver
Event: 2.642 loading class org/hibernate/loader/plan/exec/process/spi/ResultSetProcessorResolver done
Event: 2.642 loading class org/hibernate/graph/GraphSemantic
Event: 2.642 loading class org/hibernate/graph/GraphSemantic done
Event: 2.643 loading class org/hibernate/loader/plan/build/internal/FetchStyleLoadPlanBuildingAssociationVisitationStrategy
Event: 2.643 loading class org/hibernate/loader/plan/build/internal/FetchStyleLoadPlanBuildingAssociationVisitationStrategy done


Dynamic libraries:
0x00007ff7cdd60000 - 0x00007ff7cdd6d000 	C:\pleiades\java\11\bin\javaw.exe
0x00007ffc07e70000 - 0x00007ffc08086000 	C:\WINDOWS\SYSTEM32\ntdll.dll
0x00007ffc07af0000 - 0x00007ffc07bb4000 	C:\WINDOWS\System32\KERNEL32.DLL
0x00007ffc05190000 - 0x00007ffc05537000 	C:\WINDOWS\System32\KERNELBASE.dll
0x00007ffc05a80000 - 0x00007ffc05b91000 	C:\WINDOWS\System32\ucrtbase.dll
0x00007ffbfcc10000 - 0x00007ffbfcc27000 	C:\pleiades\java\11\bin\jli.dll
0x00007ffbfcbf0000 - 0x00007ffbfcc05000 	C:\pleiades\java\11\bin\VCRUNTIME140.dll
0x00007ffc071c0000 - 0x00007ffc0736e000 	C:\WINDOWS\System32\USER32.dll
0x00007ffc05930000 - 0x00007ffc05956000 	C:\WINDOWS\System32\win32u.dll
0x00007ffbe7540000 - 0x00007ffbe77d3000 	C:\WINDOWS\WinSxS\amd64_microsoft.windows.common-controls_6595b64144ccf1df_6.0.22621.3235_none_270f74e173860f98\COMCTL32.dll
0x00007ffc06d90000 - 0x00007ffc06e37000 	C:\WINDOWS\System32\msvcrt.dll
0x00007ffc07d10000 - 0x00007ffc07d39000 	C:\WINDOWS\System32\GDI32.dll
0x00007ffc05960000 - 0x00007ffc05a79000 	C:\WINDOWS\System32\gdi32full.dll
0x00007ffc05600000 - 0x00007ffc0569a000 	C:\WINDOWS\System32\msvcp_win.dll
0x00007ffc05ba0000 - 0x00007ffc05bd1000 	C:\WINDOWS\System32\IMM32.DLL
0x0000024bbb1e0000 - 0x0000024bbb1f4000 	C:\WINDOWS\System32\umppc18308.dll
0x00007ffbe5eb0000 - 0x00007ffbe5f4b000 	C:\pleiades\java\11\bin\msvcp140.dll
0x00007ffb963a0000 - 0x00007ffb96ee3000 	C:\pleiades\java\11\bin\server\jvm.dll
0x00007ffc077d0000 - 0x00007ffc07882000 	C:\WINDOWS\System32\ADVAPI32.dll
0x00007ffc07700000 - 0x00007ffc077a8000 	C:\WINDOWS\System32\sechost.dll
0x00007ffc05810000 - 0x00007ffc05838000 	C:\WINDOWS\System32\bcrypt.dll
0x00007ffc07bc0000 - 0x00007ffc07cd5000 	C:\WINDOWS\System32\RPCRT4.dll
0x00007ffc07d00000 - 0x00007ffc07d08000 	C:\WINDOWS\System32\PSAPI.DLL
0x00007ffc01900000 - 0x00007ffc01909000 	C:\WINDOWS\SYSTEM32\WSOCK32.dll
0x00007ffc07a70000 - 0x00007ffc07ae1000 	C:\WINDOWS\System32\WS2_32.dll
0x00007ffbfbb70000 - 0x00007ffbfbba4000 	C:\WINDOWS\SYSTEM32\WINMM.dll
0x00007ffbf4890000 - 0x00007ffbf489a000 	C:\WINDOWS\SYSTEM32\VERSION.dll
0x00007ffc04190000 - 0x00007ffc041a8000 	C:\WINDOWS\SYSTEM32\kernel.appcore.dll
0x00007ffbfcbe0000 - 0x00007ffbfcbf0000 	C:\pleiades\java\11\bin\verify.dll
0x00007ffc02ad0000 - 0x00007ffc02d03000 	C:\WINDOWS\SYSTEM32\DBGHELP.DLL
0x00007ffc06110000 - 0x00007ffc06498000 	C:\WINDOWS\System32\combase.dll
0x00007ffc07d50000 - 0x00007ffc07e27000 	C:\WINDOWS\System32\OLEAUT32.dll
0x00007ffbdcd10000 - 0x00007ffbdcd42000 	C:\WINDOWS\SYSTEM32\dbgcore.DLL
0x00007ffc05840000 - 0x00007ffc058b9000 	C:\WINDOWS\System32\bcryptPrimitives.dll
0x00007ffbeabb0000 - 0x00007ffbeabd8000 	C:\pleiades\java\11\bin\java.dll
0x00007ffbfcbd0000 - 0x00007ffbfcbda000 	C:\pleiades\java\11\bin\jimage.dll
0x00007ffbfbca0000 - 0x00007ffbfbcb7000 	C:\pleiades\java\11\bin\zip.dll
0x00007ffc064a0000 - 0x00007ffc06cfc000 	C:\WINDOWS\System32\SHELL32.dll
0x00007ffc030a0000 - 0x00007ffc03999000 	C:\WINDOWS\SYSTEM32\windows.storage.dll
0x00007ffc02f60000 - 0x00007ffc0309e000 	C:\WINDOWS\SYSTEM32\wintypes.dll
0x00007ffc07370000 - 0x00007ffc07463000 	C:\WINDOWS\System32\SHCORE.dll
0x00007ffc07630000 - 0x00007ffc0768e000 	C:\WINDOWS\System32\shlwapi.dll
0x00007ffc050c0000 - 0x00007ffc050e1000 	C:\WINDOWS\SYSTEM32\profapi.dll
0x00007ffbfbc50000 - 0x00007ffbfbc69000 	C:\pleiades\java\11\bin\net.dll
0x00007ffbfc500000 - 0x00007ffbfc636000 	C:\WINDOWS\SYSTEM32\WINHTTP.dll
0x00007ffc045f0000 - 0x00007ffc04659000 	C:\WINDOWS\system32\mswsock.dll
0x00007ffbe68e0000 - 0x00007ffbe68f2000 	C:\pleiades\java\11\bin\nio.dll
0x00007ffc04940000 - 0x00007ffc0495b000 	C:\WINDOWS\SYSTEM32\CRYPTSP.dll
0x00007ffc040f0000 - 0x00007ffc04125000 	C:\WINDOWS\system32\rsaenh.dll
0x00007ffc04690000 - 0x00007ffc046b8000 	C:\WINDOWS\SYSTEM32\USERENV.dll
0x00007ffc04920000 - 0x00007ffc0492c000 	C:\WINDOWS\SYSTEM32\CRYPTBASE.dll
0x00007ffc03c00000 - 0x00007ffc03c2d000 	C:\WINDOWS\SYSTEM32\IPHLPAPI.DLL
0x00007ffc06ff0000 - 0x00007ffc06ff9000 	C:\WINDOWS\System32\NSI.dll
0x00007ffbfc2d0000 - 0x00007ffbfc2e9000 	C:\WINDOWS\SYSTEM32\dhcpcsvc6.DLL
0x00007ffbfbe20000 - 0x00007ffbfbe3f000 	C:\WINDOWS\SYSTEM32\dhcpcsvc.DLL
0x00007ffc03c30000 - 0x00007ffc03d29000 	C:\WINDOWS\SYSTEM32\DNSAPI.dll
0x00007ffbfabd0000 - 0x00007ffbfabda000 	C:\Windows\System32\rasadhlp.dll
0x00007ffbface0000 - 0x00007ffbfad63000 	C:\WINDOWS\System32\fwpuclnt.dll
0x00007ffbe68b0000 - 0x00007ffbe68d5000 	C:\pleiades\java\11\bin\sunec.dll
0x00007ffbfbc30000 - 0x00007ffbfbc3e000 	C:\pleiades\java\11\bin\sunmscapi.dll
0x00007ffc056a0000 - 0x00007ffc05807000 	C:\WINDOWS\System32\CRYPT32.dll
0x00007ffc04a60000 - 0x00007ffc04a8e000 	C:\WINDOWS\SYSTEM32\ncrypt.dll
0x00007ffc04a20000 - 0x00007ffc04a57000 	C:\WINDOWS\SYSTEM32\NTASN1.dll

dbghelp: loaded successfully - version: 4.0.5 - missing functions: none
symbol engine: initialized successfully - sym options: 0x614 - pdb path: .;C:\pleiades\java\11\bin;C:\WINDOWS\SYSTEM32;C:\WINDOWS\WinSxS\amd64_microsoft.windows.common-controls_6595b64144ccf1df_6.0.22621.3235_none_270f74e173860f98;C:\pleiades\java\11\bin\server

VM Arguments:
jvm_args: -Dfile.encoding=UTF-8 
java_command: action.JpaTest
java_class_path (initial): C:\pleiades\workspace\techacademy_orm\target\classes;C:\Users\User\.m2\repository\mysql\mysql-connector-java\8.0.23\mysql-connector-java-8.0.23.jar;C:\Users\User\.m2\repository\com\google\protobuf\protobuf-java\3.11.4\protobuf-java-3.11.4.jar;C:\Users\User\.m2\repository\org\hibernate\hibernate-core\5.4.28.Final\hibernate-core-5.4.28.Final.jar;C:\Users\User\.m2\repository\org\jboss\logging\jboss-logging\3.4.1.Final\jboss-logging-3.4.1.Final.jar;C:\Users\User\.m2\repository\javax\persistence\javax.persistence-api\2.2\javax.persistence-api-2.2.jar;C:\Users\User\.m2\repository\org\javassist\javassist\3.27.0-GA\javassist-3.27.0-GA.jar;C:\Users\User\.m2\repository\net\bytebuddy\byte-buddy\1.10.17\byte-buddy-1.10.17.jar;C:\Users\User\.m2\repository\antlr\antlr\2.7.7\antlr-2.7.7.jar;C:\Users\User\.m2\repository\org\jboss\spec\javax\transaction\jboss-transaction-api_1.2_spec\1.1.1.Final\jboss-transaction-api_1.2_spec-1.1.1.Final.jar;C:\Users\User\.m2\repository\org\jboss\jandex\2.2.3.Final\jandex-2.2.3.Final.jar;C:\Users\User\.m2\repository\com\fasterxml\classmate\1.5.1\classmate-1.5.1.jar;C:\Users\User\.m2\repository\javax\activation\javax.activation-api\1.2.0\javax.activation-api-1.2.0.jar;C:\Users\User\.m2\repository\org\dom4j\dom4j\2.1.3\dom4j-2.1.3.jar;C:\Users\User\.m2\repository\org\hibernate\common\hibernate-commons-annotations\5.1.2.Final\hibernate-commons-annotations-5.1.2.Final.jar;C:\Users\User\.m2\repository\javax\xml\bind\jaxb-api\2.3.1\jaxb-api-2.3.1.jar;C:\Users\User\.m2\repository\org\glassfish\jaxb\jaxb-runtime\2.3.1\jaxb-runtime-2.3.1.jar;C:\Users\User\.m2\repository\org\glassfish\jaxb\txw2\2.3.1\txw2-2.3.1.jar;C:\Users\User\.m2\repository\com\sun\istack\istack-commons-runtime\3.0.7\istack-commons-runtime-3.0.7.jar;C:\Users\User\.m2\repository\org\jvnet\staxex\stax-ex\1.8\stax-ex-1.8.jar;C:\Users\User\.m2\repository\com\sun\xml\fastinfoset\FastInfoset\1.2.15\FastInfoset-1.2.15.jar
Launcher Type: SUN_STANDARD

[Global flags]
     intx CICompilerCount                          = 4                                         {product} {ergonomic}
     uint ConcGCThreads                            = 2                                         {product} {ergonomic}
     uint G1ConcRefinementThreads                  = 8                                         {product} {ergonomic}
   size_t G1HeapRegionSize                         = 1048576                                   {product} {ergonomic}
    uintx GCDrainStackTargetSize                   = 64                                        {product} {ergonomic}
   size_t InitialHeapSize                          = 130023424                                 {product} {ergonomic}
   size_t MarkStackSize                            = 4194304                                   {product} {ergonomic}
   size_t MaxHeapSize                              = 2065694720                                {product} {ergonomic}
   size_t MaxNewSize                               = 1239416832                                {product} {ergonomic}
   size_t MinHeapDeltaBytes                        = 1048576                                   {product} {ergonomic}
    uintx NonNMethodCodeHeapSize                   = 5836300                                {pd product} {ergonomic}
    uintx NonProfiledCodeHeapSize                  = 122910970                              {pd product} {ergonomic}
    uintx ProfiledCodeHeapSize                     = 122910970                              {pd product} {ergonomic}
    uintx ReservedCodeCacheSize                    = 251658240                              {pd product} {ergonomic}
     bool SegmentedCodeCache                       = true                                      {product} {ergonomic}
     bool UseCompressedClassPointers               = true                                 {lp64_product} {ergonomic}
     bool UseCompressedOops                        = true                                 {lp64_product} {ergonomic}
     bool UseG1GC                                  = true                                      {product} {ergonomic}
     bool UseLargePagesIndividualAllocation        = false                                  {pd product} {ergonomic}

Logging:
Log output configuration:
 #0: stdout all=warning uptime,level,tags
 #1: stderr all=off uptime,level,tags

Environment Variables:
PATH=C:/pleiades/eclipse//jre/bin/server;C:/pleiades/eclipse//jre/bin;C:\WINDOWS\system32;C:\WINDOWS;C:\WINDOWS\System32\Wbem;C:\WINDOWS\System32\WindowsPowerShell\v1.0\;C:\WINDOWS\System32\OpenSSH\;C:\Users\User\AppData\Local\Microsoft\WindowsApps;;C:\pleiades\eclipse;
USERNAME=User
OS=Windows_NT
PROCESSOR_IDENTIFIER=Intel64 Family 6 Model 140 Stepping 1, GenuineIntel



---------------  S Y S T E M  ---------------

OS: Windows 10 , 64 bit Build 22621 (10.0.22621.3374)
OS uptime: 8 days 3:05 hours
HyperV virtualization detected

CPU:total 8 (initial active 8) (4 cores per cpu, 2 threads per core) family 6 model 140 stepping 1, cmov, cx8, fxsr, mmx, sse, sse2, sse3, ssse3, sse4.1, sse4.2, popcnt, avx, avx2, aes, clmul, erms, 3dnowpref, lzcnt, ht, tsc, tscinvbit, bmi1, bmi2, adx, evex, sha, fma

Memory: 4k page, system-wide physical 7872M (473M free)
TotalPageFile size 32448M (AvailPageFile size 3M)
current process WorkingSet (physical memory assigned to process): 155M, peak: 155M
current process commit charge ("private bytes"): 266M, peak: 267M

vm_info: OpenJDK 64-Bit Server VM (11.0.9+11) for windows-amd64 JRE (11.0.9+11), built on Oct 24 2020 15:15:35 by "" with MS VC++ 15.9 (VS2017)

END.
